{"/Users/charles/Documents/irondb/controller/app.js": {"path":"/Users/charles/Documents/irondb/controller/app.js","statementMap":{"0":{"start":{"line":1,"column":16},"end":{"line":1,"column":34}},"1":{"start":{"line":2,"column":16},"end":{"line":2,"column":42}},"2":{"start":{"line":3,"column":13},"end":{"line":3,"column":28}},"3":{"start":{"line":4,"column":21},"end":{"line":4,"column":45}},"4":{"start":{"line":5,"column":19},"end":{"line":5,"column":41}},"5":{"start":{"line":6,"column":15},"end":{"line":6,"column":32}},"6":{"start":{"line":7,"column":17},"end":{"line":7,"column":36}},"7":{"start":{"line":8,"column":22},"end":{"line":8,"column":56}},"8":{"start":{"line":9,"column":15},"end":{"line":9,"column":32}},"9":{"start":{"line":10,"column":11},"end":{"line":10,"column":26}},"10":{"start":{"line":12,"column":25},"end":{"line":12,"column":53}},"11":{"start":{"line":13,"column":18},"end":{"line":13,"column":55}},"12":{"start":{"line":16,"column":20},"end":{"line":16,"column":45}},"13":{"start":{"line":17,"column":23},"end":{"line":17,"column":51}},"14":{"start":{"line":18,"column":19},"end":{"line":18,"column":43}},"15":{"start":{"line":21,"column":22},"end":{"line":21,"column":49}},"16":{"start":{"line":24,"column":23},"end":{"line":24,"column":51}},"17":{"start":{"line":25,"column":20},"end":{"line":25,"column":45}},"18":{"start":{"line":26,"column":21},"end":{"line":26,"column":47}},"19":{"start":{"line":29,"column":24},"end":{"line":29,"column":54}},"20":{"start":{"line":30,"column":20},"end":{"line":30,"column":45}},"21":{"start":{"line":31,"column":22},"end":{"line":31,"column":54}},"22":{"start":{"line":32,"column":20},"end":{"line":32,"column":55}},"23":{"start":{"line":35,"column":0},"end":{"line":66,"column":4}},"24":{"start":{"line":36,"column":2},"end":{"line":65,"column":9}},"25":{"start":{"line":42,"column":8},"end":{"line":45,"column":9}},"26":{"start":{"line":44,"column":10},"end":{"line":44,"column":27}},"27":{"start":{"line":48,"column":8},"end":{"line":64,"column":9}},"28":{"start":{"line":49,"column":23},"end":{"line":49,"column":37}},"29":{"start":{"line":50,"column":10},"end":{"line":61,"column":13}},"30":{"start":{"line":51,"column":12},"end":{"line":60,"column":13}},"31":{"start":{"line":53,"column":14},"end":{"line":57,"column":17}},"32":{"start":{"line":59,"column":14},"end":{"line":59,"column":39}},"33":{"start":{"line":63,"column":10},"end":{"line":63,"column":35}},"34":{"start":{"line":70,"column":0},"end":{"line":72,"column":3}},"35":{"start":{"line":71,"column":2},"end":{"line":71,"column":29}},"36":{"start":{"line":74,"column":0},"end":{"line":94,"column":3}},"37":{"start":{"line":75,"column":2},"end":{"line":93,"column":9}},"38":{"start":{"line":83,"column":8},"end":{"line":92,"column":9}},"39":{"start":{"line":84,"column":23},"end":{"line":84,"column":37}},"40":{"start":{"line":85,"column":10},"end":{"line":89,"column":13}},"41":{"start":{"line":91,"column":10},"end":{"line":91,"column":33}},"42":{"start":{"line":98,"column":12},"end":{"line":98,"column":21}},"43":{"start":{"line":101,"column":0},"end":{"line":101,"column":50}},"44":{"start":{"line":102,"column":0},"end":{"line":102,"column":30}},"45":{"start":{"line":105,"column":0},"end":{"line":105,"column":42}},"46":{"start":{"line":106,"column":0},"end":{"line":106,"column":64}},"47":{"start":{"line":107,"column":0},"end":{"line":107,"column":23}},"48":{"start":{"line":108,"column":0},"end":{"line":108,"column":24}},"49":{"start":{"line":109,"column":0},"end":{"line":109,"column":47}},"50":{"start":{"line":110,"column":0},"end":{"line":110,"column":24}},"51":{"start":{"line":111,"column":0},"end":{"line":111,"column":59}},"52":{"start":{"line":113,"column":16},"end":{"line":113,"column":25}},"53":{"start":{"line":114,"column":15},"end":{"line":114,"column":22}},"54":{"start":{"line":115,"column":0},"end":{"line":125,"column":4}},"55":{"start":{"line":127,"column":0},"end":{"line":127,"column":31}},"56":{"start":{"line":128,"column":0},"end":{"line":128,"column":28}},"57":{"start":{"line":130,"column":0},"end":{"line":130,"column":28}},"58":{"start":{"line":133,"column":0},"end":{"line":133,"column":26}},"59":{"start":{"line":134,"column":0},"end":{"line":134,"column":37}},"60":{"start":{"line":135,"column":0},"end":{"line":135,"column":35}},"61":{"start":{"line":136,"column":0},"end":{"line":136,"column":29}},"62":{"start":{"line":139,"column":0},"end":{"line":139,"column":37}},"63":{"start":{"line":140,"column":0},"end":{"line":140,"column":31}},"64":{"start":{"line":141,"column":0},"end":{"line":141,"column":33}},"65":{"start":{"line":144,"column":0},"end":{"line":144,"column":40}},"66":{"start":{"line":145,"column":0},"end":{"line":145,"column":31}},"67":{"start":{"line":146,"column":0},"end":{"line":146,"column":35}},"68":{"start":{"line":147,"column":0},"end":{"line":147,"column":31}},"69":{"start":{"line":151,"column":0},"end":{"line":159,"column":3}},"70":{"start":{"line":152,"column":19},"end":{"line":152,"column":24}},"71":{"start":{"line":153,"column":2},"end":{"line":155,"column":3}},"72":{"start":{"line":154,"column":4},"end":{"line":154,"column":22}},"73":{"start":{"line":158,"column":2},"end":{"line":158,"column":97}},"74":{"start":{"line":162,"column":0},"end":{"line":187,"column":3}},"75":{"start":{"line":164,"column":2},"end":{"line":164,"column":35}},"76":{"start":{"line":165,"column":2},"end":{"line":165,"column":69}},"77":{"start":{"line":167,"column":2},"end":{"line":169,"column":3}},"78":{"start":{"line":168,"column":4},"end":{"line":168,"column":21}},"79":{"start":{"line":172,"column":19},"end":{"line":172,"column":24}},"80":{"start":{"line":173,"column":2},"end":{"line":175,"column":3}},"81":{"start":{"line":174,"column":4},"end":{"line":174,"column":22}},"82":{"start":{"line":178,"column":2},"end":{"line":178,"column":32}},"83":{"start":{"line":180,"column":2},"end":{"line":186,"column":3}},"84":{"start":{"line":182,"column":4},"end":{"line":182,"column":106}},"85":{"start":{"line":185,"column":4},"end":{"line":185,"column":97}},"86":{"start":{"line":189,"column":0},"end":{"line":189,"column":21}}},"fnMap":{"0":{"name":"(anonymous_0)","decl":{"start":{"line":35,"column":31},"end":{"line":35,"column":32}},"loc":{"start":{"line":35,"column":61},"end":{"line":66,"column":1}},"line":35},"1":{"name":"(anonymous_1)","decl":{"start":{"line":40,"column":6},"end":{"line":40,"column":7}},"loc":{"start":{"line":40,"column":23},"end":{"line":65,"column":7}},"line":40},"2":{"name":"(anonymous_2)","decl":{"start":{"line":50,"column":55},"end":{"line":50,"column":56}},"loc":{"start":{"line":50,"column":74},"end":{"line":61,"column":11}},"line":50},"3":{"name":"(anonymous_3)","decl":{"start":{"line":70,"column":23},"end":{"line":70,"column":24}},"loc":{"start":{"line":70,"column":44},"end":{"line":72,"column":1}},"line":70},"4":{"name":"(anonymous_4)","decl":{"start":{"line":74,"column":25},"end":{"line":74,"column":26}},"loc":{"start":{"line":74,"column":44},"end":{"line":94,"column":1}},"line":74},"5":{"name":"(anonymous_5)","decl":{"start":{"line":79,"column":6},"end":{"line":79,"column":7}},"loc":{"start":{"line":79,"column":23},"end":{"line":93,"column":7}},"line":79},"6":{"name":"(anonymous_6)","decl":{"start":{"line":151,"column":8},"end":{"line":151,"column":9}},"loc":{"start":{"line":151,"column":33},"end":{"line":159,"column":1}},"line":151},"7":{"name":"(anonymous_7)","decl":{"start":{"line":162,"column":8},"end":{"line":162,"column":9}},"loc":{"start":{"line":162,"column":38},"end":{"line":187,"column":1}},"line":162}},"branchMap":{"0":{"loc":{"start":{"line":42,"column":8},"end":{"line":45,"column":9}},"type":"if","locations":[{"start":{"line":42,"column":8},"end":{"line":45,"column":9}},{"start":{"line":42,"column":8},"end":{"line":45,"column":9}}],"line":42},"1":{"loc":{"start":{"line":48,"column":8},"end":{"line":64,"column":9}},"type":"if","locations":[{"start":{"line":48,"column":8},"end":{"line":64,"column":9}},{"start":{"line":48,"column":8},"end":{"line":64,"column":9}}],"line":48},"2":{"loc":{"start":{"line":51,"column":12},"end":{"line":60,"column":13}},"type":"if","locations":[{"start":{"line":51,"column":12},"end":{"line":60,"column":13}},{"start":{"line":51,"column":12},"end":{"line":60,"column":13}}],"line":51},"3":{"loc":{"start":{"line":83,"column":8},"end":{"line":92,"column":9}},"type":"if","locations":[{"start":{"line":83,"column":8},"end":{"line":92,"column":9}},{"start":{"line":83,"column":8},"end":{"line":92,"column":9}}],"line":83},"4":{"loc":{"start":{"line":153,"column":2},"end":{"line":155,"column":3}},"type":"if","locations":[{"start":{"line":153,"column":2},"end":{"line":155,"column":3}},{"start":{"line":153,"column":2},"end":{"line":155,"column":3}}],"line":153},"5":{"loc":{"start":{"line":165,"column":21},"end":{"line":165,"column":68}},"type":"cond-expr","locations":[{"start":{"line":165,"column":60},"end":{"line":165,"column":63}},{"start":{"line":165,"column":66},"end":{"line":165,"column":68}}],"line":165},"6":{"loc":{"start":{"line":167,"column":2},"end":{"line":169,"column":3}},"type":"if","locations":[{"start":{"line":167,"column":2},"end":{"line":169,"column":3}},{"start":{"line":167,"column":2},"end":{"line":169,"column":3}}],"line":167},"7":{"loc":{"start":{"line":173,"column":2},"end":{"line":175,"column":3}},"type":"if","locations":[{"start":{"line":173,"column":2},"end":{"line":175,"column":3}},{"start":{"line":173,"column":2},"end":{"line":175,"column":3}}],"line":173},"8":{"loc":{"start":{"line":178,"column":13},"end":{"line":178,"column":30}},"type":"binary-expr","locations":[{"start":{"line":178,"column":13},"end":{"line":178,"column":23}},{"start":{"line":178,"column":27},"end":{"line":178,"column":30}}],"line":178},"9":{"loc":{"start":{"line":180,"column":2},"end":{"line":186,"column":3}},"type":"if","locations":[{"start":{"line":180,"column":2},"end":{"line":186,"column":3}},{"start":{"line":180,"column":2},"end":{"line":186,"column":3}}],"line":180}},"s":{"0":2,"1":2,"2":2,"3":2,"4":2,"5":2,"6":2,"7":2,"8":2,"9":2,"10":2,"11":2,"12":2,"13":2,"14":2,"15":2,"16":2,"17":2,"18":2,"19":2,"20":2,"21":2,"22":2,"23":2,"24":0,"25":0,"26":0,"27":0,"28":0,"29":0,"30":0,"31":0,"32":0,"33":0,"34":2,"35":0,"36":2,"37":0,"38":0,"39":0,"40":0,"41":0,"42":2,"43":2,"44":2,"45":2,"46":2,"47":2,"48":2,"49":2,"50":2,"51":2,"52":2,"53":2,"54":2,"55":2,"56":2,"57":2,"58":2,"59":2,"60":2,"61":2,"62":2,"63":2,"64":2,"65":2,"66":2,"67":2,"68":2,"69":2,"70":0,"71":0,"72":0,"73":0,"74":2,"75":1,"76":1,"77":1,"78":1,"79":1,"80":1,"81":0,"82":1,"83":1,"84":1,"85":0,"86":2},"f":{"0":0,"1":0,"2":0,"3":0,"4":0,"5":0,"6":0,"7":1},"b":{"0":[0,0],"1":[0,0],"2":[0,0],"3":[0,0],"4":[0,0],"5":[1,0],"6":[1,0],"7":[0,1],"8":[1,0],"9":[1,0]},"_coverageSchema":"43e27e138ebf9cfc5966b082cf9a028302ed4184","hash":"702f3e1dff550d37cd9d84c498008f51d751f0d5"}
,"/Users/charles/Documents/irondb/controller/db/entry-parser.js": {"path":"/Users/charles/Documents/irondb/controller/db/entry-parser.js","statementMap":{"0":{"start":{"line":12,"column":15},"end":{"line":12,"column":35}},"1":{"start":{"line":16,"column":26},"end":{"line":16,"column":76}},"2":{"start":{"line":16,"column":49},"end":{"line":16,"column":75}},"3":{"start":{"line":17,"column":27},"end":{"line":17,"column":78}},"4":{"start":{"line":17,"column":50},"end":{"line":17,"column":77}},"5":{"start":{"line":20,"column":23},"end":{"line":20,"column":70}},"6":{"start":{"line":20,"column":46},"end":{"line":20,"column":69}},"7":{"start":{"line":23,"column":22},"end":{"line":23,"column":68}},"8":{"start":{"line":23,"column":45},"end":{"line":23,"column":67}},"9":{"start":{"line":24,"column":23},"end":{"line":24,"column":70}},"10":{"start":{"line":24,"column":46},"end":{"line":24,"column":69}},"11":{"start":{"line":27,"column":19},"end":{"line":27,"column":62}},"12":{"start":{"line":27,"column":42},"end":{"line":27,"column":61}},"13":{"start":{"line":29,"column":2},"end":{"line":36,"column":4}},"14":{"start":{"line":47,"column":22},"end":{"line":47,"column":44}},"15":{"start":{"line":48,"column":17},"end":{"line":48,"column":34}},"16":{"start":{"line":49,"column":16},"end":{"line":49,"column":32}},"17":{"start":{"line":50,"column":17},"end":{"line":50,"column":34}},"18":{"start":{"line":51,"column":18},"end":{"line":51,"column":36}},"19":{"start":{"line":54,"column":18},"end":{"line":60,"column":3}},"20":{"start":{"line":61,"column":2},"end":{"line":61,"column":17}},"21":{"start":{"line":72,"column":21},"end":{"line":72,"column":42}},"22":{"start":{"line":73,"column":14},"end":{"line":73,"column":28}},"23":{"start":{"line":76,"column":16},"end":{"line":79,"column":3}},"24":{"start":{"line":80,"column":2},"end":{"line":80,"column":15}},"25":{"start":{"line":92,"column":26},"end":{"line":92,"column":46}},"26":{"start":{"line":93,"column":27},"end":{"line":93,"column":48}},"27":{"start":{"line":95,"column":18},"end":{"line":95,"column":20}},"28":{"start":{"line":97,"column":2},"end":{"line":117,"column":5}},"29":{"start":{"line":99,"column":23},"end":{"line":99,"column":36}},"30":{"start":{"line":100,"column":16},"end":{"line":100,"column":49}},"31":{"start":{"line":102,"column":22},"end":{"line":102,"column":50}},"32":{"start":{"line":103,"column":23},"end":{"line":103,"column":52}},"33":{"start":{"line":104,"column":25},"end":{"line":104,"column":56}},"34":{"start":{"line":105,"column":26},"end":{"line":105,"column":31}},"35":{"start":{"line":107,"column":4},"end":{"line":109,"column":5}},"36":{"start":{"line":108,"column":6},"end":{"line":108,"column":29}},"37":{"start":{"line":110,"column":19},"end":{"line":115,"column":5}},"38":{"start":{"line":116,"column":4},"end":{"line":116,"column":25}},"39":{"start":{"line":118,"column":2},"end":{"line":118,"column":17}},"40":{"start":{"line":130,"column":23},"end":{"line":130,"column":40}},"41":{"start":{"line":131,"column":23},"end":{"line":131,"column":40}},"42":{"start":{"line":132,"column":22},"end":{"line":132,"column":38}},"43":{"start":{"line":134,"column":17},"end":{"line":134,"column":19}},"44":{"start":{"line":135,"column":2},"end":{"line":196,"column":5}},"45":{"start":{"line":137,"column":23},"end":{"line":137,"column":33}},"46":{"start":{"line":138,"column":20},"end":{"line":138,"column":53}},"47":{"start":{"line":140,"column":18},"end":{"line":140,"column":46}},"48":{"start":{"line":141,"column":20},"end":{"line":141,"column":48}},"49":{"start":{"line":142,"column":22},"end":{"line":147,"column":5}},"50":{"start":{"line":150,"column":29},"end":{"line":150,"column":62}},"51":{"start":{"line":151,"column":15},"end":{"line":151,"column":48}},"52":{"start":{"line":153,"column":25},"end":{"line":153,"column":27}},"53":{"start":{"line":154,"column":4},"end":{"line":159,"column":7}},"54":{"start":{"line":156,"column":6},"end":{"line":158,"column":7}},"55":{"start":{"line":157,"column":8},"end":{"line":157,"column":31}},"56":{"start":{"line":162,"column":4},"end":{"line":194,"column":7}},"57":{"start":{"line":163,"column":22},"end":{"line":163,"column":61}},"58":{"start":{"line":164,"column":22},"end":{"line":164,"column":26}},"59":{"start":{"line":166,"column":18},"end":{"line":166,"column":57}},"60":{"start":{"line":167,"column":23},"end":{"line":167,"column":47}},"61":{"start":{"line":168,"column":24},"end":{"line":168,"column":29}},"62":{"start":{"line":169,"column":6},"end":{"line":171,"column":7}},"63":{"start":{"line":170,"column":8},"end":{"line":170,"column":27}},"64":{"start":{"line":172,"column":26},"end":{"line":172,"column":62}},"65":{"start":{"line":173,"column":24},"end":{"line":173,"column":58}},"66":{"start":{"line":174,"column":19},"end":{"line":174,"column":40}},"67":{"start":{"line":175,"column":24},"end":{"line":175,"column":49}},"68":{"start":{"line":176,"column":19},"end":{"line":176,"column":39}},"69":{"start":{"line":177,"column":20},"end":{"line":177,"column":60}},"70":{"start":{"line":178,"column":21},"end":{"line":178,"column":43}},"71":{"start":{"line":179,"column":6},"end":{"line":181,"column":7}},"72":{"start":{"line":180,"column":8},"end":{"line":180,"column":39}},"73":{"start":{"line":183,"column":22},"end":{"line":192,"column":7}},"74":{"start":{"line":193,"column":6},"end":{"line":193,"column":43}},"75":{"start":{"line":195,"column":4},"end":{"line":195,"column":27}},"76":{"start":{"line":197,"column":2},"end":{"line":197,"column":16}},"77":{"start":{"line":208,"column":19},"end":{"line":208,"column":32}},"78":{"start":{"line":209,"column":16},"end":{"line":209,"column":18}},"79":{"start":{"line":210,"column":2},"end":{"line":213,"column":5}},"80":{"start":{"line":211,"column":17},"end":{"line":211,"column":37}},"81":{"start":{"line":212,"column":4},"end":{"line":212,"column":21}},"82":{"start":{"line":214,"column":2},"end":{"line":214,"column":15}},"83":{"start":{"line":226,"column":2},"end":{"line":247,"column":3}},"84":{"start":{"line":228,"column":6},"end":{"line":228,"column":27}},"85":{"start":{"line":229,"column":6},"end":{"line":229,"column":12}},"86":{"start":{"line":231,"column":6},"end":{"line":231,"column":20}},"87":{"start":{"line":232,"column":6},"end":{"line":232,"column":12}},"88":{"start":{"line":234,"column":6},"end":{"line":234,"column":20}},"89":{"start":{"line":235,"column":6},"end":{"line":235,"column":12}},"90":{"start":{"line":237,"column":6},"end":{"line":237,"column":21}},"91":{"start":{"line":238,"column":6},"end":{"line":238,"column":12}},"92":{"start":{"line":240,"column":6},"end":{"line":240,"column":21}},"93":{"start":{"line":241,"column":6},"end":{"line":241,"column":12}},"94":{"start":{"line":243,"column":6},"end":{"line":243,"column":21}},"95":{"start":{"line":244,"column":6},"end":{"line":244,"column":12}},"96":{"start":{"line":246,"column":6},"end":{"line":246,"column":27}},"97":{"start":{"line":248,"column":2},"end":{"line":248,"column":15}},"98":{"start":{"line":252,"column":0},"end":{"line":259,"column":2}}},"fnMap":{"0":{"name":"getKeys","decl":{"start":{"line":10,"column":9},"end":{"line":10,"column":16}},"loc":{"start":{"line":10,"column":26},"end":{"line":37,"column":1}},"line":10},"1":{"name":"(anonymous_1)","decl":{"start":{"line":16,"column":38},"end":{"line":16,"column":39}},"loc":{"start":{"line":16,"column":49},"end":{"line":16,"column":75}},"line":16},"2":{"name":"(anonymous_2)","decl":{"start":{"line":17,"column":39},"end":{"line":17,"column":40}},"loc":{"start":{"line":17,"column":50},"end":{"line":17,"column":77}},"line":17},"3":{"name":"(anonymous_3)","decl":{"start":{"line":20,"column":35},"end":{"line":20,"column":36}},"loc":{"start":{"line":20,"column":46},"end":{"line":20,"column":69}},"line":20},"4":{"name":"(anonymous_4)","decl":{"start":{"line":23,"column":34},"end":{"line":23,"column":35}},"loc":{"start":{"line":23,"column":45},"end":{"line":23,"column":67}},"line":23},"5":{"name":"(anonymous_5)","decl":{"start":{"line":24,"column":35},"end":{"line":24,"column":36}},"loc":{"start":{"line":24,"column":46},"end":{"line":24,"column":69}},"line":24},"6":{"name":"(anonymous_6)","decl":{"start":{"line":27,"column":31},"end":{"line":27,"column":32}},"loc":{"start":{"line":27,"column":42},"end":{"line":27,"column":61}},"line":27},"7":{"name":"getJournal","decl":{"start":{"line":45,"column":9},"end":{"line":45,"column":19}},"loc":{"start":{"line":45,"column":29},"end":{"line":62,"column":1}},"line":45},"8":{"name":"getPaper","decl":{"start":{"line":70,"column":9},"end":{"line":70,"column":17}},"loc":{"start":{"line":70,"column":27},"end":{"line":81,"column":1}},"line":70},"9":{"name":"getAuthors","decl":{"start":{"line":90,"column":9},"end":{"line":90,"column":19}},"loc":{"start":{"line":90,"column":35},"end":{"line":119,"column":1}},"line":90},"10":{"name":"(anonymous_10)","decl":{"start":{"line":97,"column":26},"end":{"line":97,"column":27}},"loc":{"start":{"line":97,"column":36},"end":{"line":117,"column":3}},"line":97},"11":{"name":"getBodies","decl":{"start":{"line":128,"column":9},"end":{"line":128,"column":18}},"loc":{"start":{"line":128,"column":34},"end":{"line":198,"column":1}},"line":128},"12":{"name":"(anonymous_12)","decl":{"start":{"line":135,"column":23},"end":{"line":135,"column":24}},"loc":{"start":{"line":135,"column":33},"end":{"line":196,"column":3}},"line":135},"13":{"name":"(anonymous_13)","decl":{"start":{"line":154,"column":24},"end":{"line":154,"column":25}},"loc":{"start":{"line":154,"column":33},"end":{"line":159,"column":5}},"line":154},"14":{"name":"(anonymous_14)","decl":{"start":{"line":162,"column":25},"end":{"line":162,"column":26}},"loc":{"start":{"line":162,"column":35},"end":{"line":194,"column":5}},"line":162},"15":{"name":"getNotes","decl":{"start":{"line":207,"column":9},"end":{"line":207,"column":17}},"loc":{"start":{"line":207,"column":33},"end":{"line":215,"column":1}},"line":207},"16":{"name":"(anonymous_16)","decl":{"start":{"line":210,"column":19},"end":{"line":210,"column":20}},"loc":{"start":{"line":210,"column":28},"end":{"line":213,"column":3}},"line":210},"17":{"name":"convertUnitString","decl":{"start":{"line":224,"column":9},"end":{"line":224,"column":26}},"loc":{"start":{"line":224,"column":41},"end":{"line":249,"column":1}},"line":224}},"branchMap":{"0":{"loc":{"start":{"line":107,"column":4},"end":{"line":109,"column":5}},"type":"if","locations":[{"start":{"line":107,"column":4},"end":{"line":109,"column":5}},{"start":{"line":107,"column":4},"end":{"line":109,"column":5}}],"line":107},"1":{"loc":{"start":{"line":156,"column":6},"end":{"line":158,"column":7}},"type":"if","locations":[{"start":{"line":156,"column":6},"end":{"line":158,"column":7}},{"start":{"line":156,"column":6},"end":{"line":158,"column":7}}],"line":156},"2":{"loc":{"start":{"line":169,"column":6},"end":{"line":171,"column":7}},"type":"if","locations":[{"start":{"line":169,"column":6},"end":{"line":171,"column":7}},{"start":{"line":169,"column":6},"end":{"line":171,"column":7}}],"line":169},"3":{"loc":{"start":{"line":179,"column":6},"end":{"line":181,"column":7}},"type":"if","locations":[{"start":{"line":179,"column":6},"end":{"line":181,"column":7}},{"start":{"line":179,"column":6},"end":{"line":181,"column":7}}],"line":179},"4":{"loc":{"start":{"line":226,"column":2},"end":{"line":247,"column":3}},"type":"switch","locations":[{"start":{"line":227,"column":4},"end":{"line":229,"column":12}},{"start":{"line":230,"column":4},"end":{"line":232,"column":12}},{"start":{"line":233,"column":4},"end":{"line":235,"column":12}},{"start":{"line":236,"column":4},"end":{"line":238,"column":12}},{"start":{"line":239,"column":4},"end":{"line":241,"column":12}},{"start":{"line":242,"column":4},"end":{"line":244,"column":12}},{"start":{"line":245,"column":4},"end":{"line":246,"column":27}}],"line":226}},"s":{"0":0,"1":0,"2":0,"3":0,"4":0,"5":0,"6":0,"7":0,"8":0,"9":0,"10":0,"11":0,"12":0,"13":0,"14":0,"15":0,"16":0,"17":0,"18":0,"19":0,"20":0,"21":0,"22":0,"23":0,"24":0,"25":0,"26":0,"27":0,"28":0,"29":0,"30":0,"31":0,"32":0,"33":0,"34":0,"35":0,"36":0,"37":0,"38":0,"39":0,"40":0,"41":0,"42":0,"43":0,"44":0,"45":0,"46":0,"47":0,"48":0,"49":0,"50":0,"51":0,"52":0,"53":0,"54":0,"55":0,"56":0,"57":0,"58":0,"59":0,"60":0,"61":0,"62":0,"63":0,"64":0,"65":0,"66":0,"67":0,"68":0,"69":0,"70":0,"71":0,"72":0,"73":0,"74":0,"75":0,"76":0,"77":0,"78":0,"79":0,"80":0,"81":0,"82":0,"83":0,"84":0,"85":0,"86":0,"87":0,"88":0,"89":0,"90":0,"91":0,"92":0,"93":0,"94":0,"95":0,"96":0,"97":0,"98":2},"f":{"0":0,"1":0,"2":0,"3":0,"4":0,"5":0,"6":0,"7":0,"8":0,"9":0,"10":0,"11":0,"12":0,"13":0,"14":0,"15":0,"16":0,"17":0},"b":{"0":[0,0],"1":[0,0],"2":[0,0],"3":[0,0],"4":[0,0,0,0,0,0,0]},"_coverageSchema":"43e27e138ebf9cfc5966b082cf9a028302ed4184","hash":"249956398a0f8fe2b84ba6f6afe3c6789b7637f3"}
,"/Users/charles/Documents/irondb/controller/db/index.js": {"path":"/Users/charles/Documents/irondb/controller/db/index.js","statementMap":{"0":{"start":{"line":1,"column":15},"end":{"line":1,"column":28}},"1":{"start":{"line":2,"column":12},"end":{"line":2,"column":26}},"2":{"start":{"line":5,"column":14},"end":{"line":5,"column":19}},"3":{"start":{"line":9,"column":15},"end":{"line":9,"column":50}},"4":{"start":{"line":10,"column":0},"end":{"line":12,"column":1}},"5":{"start":{"line":11,"column":2},"end":{"line":11,"column":19}},"6":{"start":{"line":14,"column":13},"end":{"line":14,"column":35}},"7":{"start":{"line":16,"column":15},"end":{"line":22,"column":1}},"8":{"start":{"line":24,"column":0},"end":{"line":26,"column":1}},"9":{"start":{"line":25,"column":2},"end":{"line":25,"column":22}},"10":{"start":{"line":30,"column":13},"end":{"line":30,"column":29}},"11":{"start":{"line":37,"column":0},"end":{"line":53,"column":2}},"12":{"start":{"line":39,"column":18},"end":{"line":39,"column":28}},"13":{"start":{"line":40,"column":4},"end":{"line":44,"column":7}},"14":{"start":{"line":41,"column":23},"end":{"line":41,"column":41}},"15":{"start":{"line":42,"column":6},"end":{"line":42,"column":54}},"16":{"start":{"line":43,"column":6},"end":{"line":43,"column":25}},"17":{"start":{"line":46,"column":28},"end":{"line":46,"column":52}},"18":{"start":{"line":48,"column":4},"end":{"line":50,"column":7}},"19":{"start":{"line":49,"column":6},"end":{"line":49,"column":34}}},"fnMap":{"0":{"name":"(anonymous_0)","decl":{"start":{"line":38,"column":9},"end":{"line":38,"column":10}},"loc":{"start":{"line":38,"column":37},"end":{"line":45,"column":3}},"line":38},"1":{"name":"(anonymous_1)","decl":{"start":{"line":40,"column":36},"end":{"line":40,"column":37}},"loc":{"start":{"line":40,"column":50},"end":{"line":44,"column":5}},"line":40},"2":{"name":"(anonymous_2)","decl":{"start":{"line":46,"column":10},"end":{"line":46,"column":11}},"loc":{"start":{"line":46,"column":28},"end":{"line":46,"column":52}},"line":46},"3":{"name":"(anonymous_3)","decl":{"start":{"line":47,"column":13},"end":{"line":47,"column":14}},"loc":{"start":{"line":47,"column":27},"end":{"line":51,"column":3}},"line":47},"4":{"name":"(anonymous_4)","decl":{"start":{"line":48,"column":17},"end":{"line":48,"column":18}},"loc":{"start":{"line":48,"column":40},"end":{"line":50,"column":5}},"line":48}},"branchMap":{"0":{"loc":{"start":{"line":10,"column":0},"end":{"line":12,"column":1}},"type":"if","locations":[{"start":{"line":10,"column":0},"end":{"line":12,"column":1}},{"start":{"line":10,"column":0},"end":{"line":12,"column":1}}],"line":10},"1":{"loc":{"start":{"line":24,"column":0},"end":{"line":26,"column":1}},"type":"if","locations":[{"start":{"line":24,"column":0},"end":{"line":26,"column":1}},{"start":{"line":24,"column":0},"end":{"line":26,"column":1}}],"line":24}},"s":{"0":2,"1":2,"2":2,"3":2,"4":2,"5":0,"6":2,"7":2,"8":2,"9":0,"10":2,"11":2,"12":0,"13":0,"14":0,"15":0,"16":0,"17":1,"18":0,"19":0},"f":{"0":0,"1":0,"2":1,"3":0,"4":0},"b":{"0":[0,2],"1":[0,2]},"_coverageSchema":"43e27e138ebf9cfc5966b082cf9a028302ed4184","hash":"0cde42a27c2151e12ef6f742c189b808b692c6f0"}
,"/Users/charles/Documents/irondb/controller/db/insert-entry.js": {"path":"/Users/charles/Documents/irondb/controller/db/insert-entry.js","statementMap":{"0":{"start":{"line":6,"column":11},"end":{"line":6,"column":29}},"1":{"start":{"line":32,"column":17},"end":{"line":32,"column":40}},"2":{"start":{"line":33,"column":18},"end":{"line":33,"column":22}},"3":{"start":{"line":34,"column":16},"end":{"line":34,"column":20}},"4":{"start":{"line":35,"column":21},"end":{"line":35,"column":25}},"5":{"start":{"line":36,"column":2},"end":{"line":506,"column":3}},"6":{"start":{"line":37,"column":4},"end":{"line":37,"column":32}},"7":{"start":{"line":40,"column":29},"end":{"line":45,"column":7}},"8":{"start":{"line":46,"column":30},"end":{"line":46,"column":49}},"9":{"start":{"line":47,"column":21},"end":{"line":47,"column":73}},"10":{"start":{"line":48,"column":6},"end":{"line":48,"column":43}},"11":{"start":{"line":49,"column":6},"end":{"line":51,"column":7}},"12":{"start":{"line":50,"column":8},"end":{"line":50,"column":50}},"13":{"start":{"line":57,"column":27},"end":{"line":62,"column":7}},"14":{"start":{"line":63,"column":27},"end":{"line":69,"column":7}},"15":{"start":{"line":70,"column":19},"end":{"line":70,"column":65}},"16":{"start":{"line":71,"column":33},"end":{"line":75,"column":7}},"17":{"start":{"line":76,"column":25},"end":{"line":76,"column":43}},"18":{"start":{"line":77,"column":6},"end":{"line":77,"column":29}},"19":{"start":{"line":78,"column":6},"end":{"line":80,"column":7}},"20":{"start":{"line":79,"column":8},"end":{"line":79,"column":47}},"21":{"start":{"line":81,"column":33},"end":{"line":86,"column":7}},"22":{"start":{"line":87,"column":6},"end":{"line":87,"column":72}},"23":{"start":{"line":89,"column":33},"end":{"line":93,"column":7}},"24":{"start":{"line":94,"column":30},"end":{"line":94,"column":52}},"25":{"start":{"line":95,"column":33},"end":{"line":98,"column":7}},"26":{"start":{"line":99,"column":6},"end":{"line":99,"column":65}},"27":{"start":{"line":104,"column":25},"end":{"line":109,"column":7}},"28":{"start":{"line":110,"column":25},"end":{"line":114,"column":7}},"29":{"start":{"line":115,"column":19},"end":{"line":115,"column":61}},"30":{"start":{"line":117,"column":23},"end":{"line":117,"column":39}},"31":{"start":{"line":118,"column":6},"end":{"line":118,"column":25}},"32":{"start":{"line":119,"column":6},"end":{"line":121,"column":7}},"33":{"start":{"line":120,"column":8},"end":{"line":120,"column":45}},"34":{"start":{"line":122,"column":31},"end":{"line":127,"column":7}},"35":{"start":{"line":128,"column":31},"end":{"line":133,"column":7}},"36":{"start":{"line":134,"column":6},"end":{"line":134,"column":68}},"37":{"start":{"line":135,"column":28},"end":{"line":135,"column":50}},"38":{"start":{"line":136,"column":31},"end":{"line":140,"column":7}},"39":{"start":{"line":141,"column":31},"end":{"line":144,"column":7}},"40":{"start":{"line":145,"column":6},"end":{"line":145,"column":61}},"41":{"start":{"line":152,"column":4},"end":{"line":233,"column":5}},"42":{"start":{"line":154,"column":26},"end":{"line":159,"column":7}},"43":{"start":{"line":160,"column":26},"end":{"line":165,"column":7}},"44":{"start":{"line":166,"column":19},"end":{"line":166,"column":63}},"45":{"start":{"line":168,"column":23},"end":{"line":168,"column":40}},"46":{"start":{"line":169,"column":32},"end":{"line":174,"column":7}},"47":{"start":{"line":175,"column":32},"end":{"line":180,"column":7}},"48":{"start":{"line":181,"column":6},"end":{"line":181,"column":70}},"49":{"start":{"line":183,"column":29},"end":{"line":183,"column":51}},"50":{"start":{"line":184,"column":32},"end":{"line":188,"column":7}},"51":{"start":{"line":189,"column":32},"end":{"line":192,"column":7}},"52":{"start":{"line":193,"column":6},"end":{"line":193,"column":63}},"53":{"start":{"line":196,"column":24},"end":{"line":201,"column":7}},"54":{"start":{"line":202,"column":24},"end":{"line":205,"column":7}},"55":{"start":{"line":206,"column":6},"end":{"line":206,"column":54}},"56":{"start":{"line":208,"column":21},"end":{"line":208,"column":48}},"57":{"start":{"line":209,"column":30},"end":{"line":214,"column":7}},"58":{"start":{"line":215,"column":30},"end":{"line":220,"column":7}},"59":{"start":{"line":221,"column":6},"end":{"line":221,"column":66}},"60":{"start":{"line":222,"column":27},"end":{"line":222,"column":49}},"61":{"start":{"line":223,"column":30},"end":{"line":227,"column":7}},"62":{"start":{"line":228,"column":30},"end":{"line":231,"column":7}},"63":{"start":{"line":232,"column":6},"end":{"line":232,"column":59}},"64":{"start":{"line":236,"column":4},"end":{"line":440,"column":5}},"65":{"start":{"line":238,"column":24},"end":{"line":243,"column":7}},"66":{"start":{"line":244,"column":24},"end":{"line":246,"column":7}},"67":{"start":{"line":247,"column":19},"end":{"line":247,"column":59}},"68":{"start":{"line":249,"column":21},"end":{"line":249,"column":36}},"69":{"start":{"line":250,"column":30},"end":{"line":255,"column":7}},"70":{"start":{"line":256,"column":30},"end":{"line":261,"column":7}},"71":{"start":{"line":262,"column":6},"end":{"line":262,"column":66}},"72":{"start":{"line":264,"column":27},"end":{"line":264,"column":49}},"73":{"start":{"line":265,"column":30},"end":{"line":269,"column":7}},"74":{"start":{"line":270,"column":30},"end":{"line":273,"column":7}},"75":{"start":{"line":274,"column":6},"end":{"line":274,"column":59}},"76":{"start":{"line":278,"column":25},"end":{"line":283,"column":7}},"77":{"start":{"line":284,"column":25},"end":{"line":287,"column":7}},"78":{"start":{"line":288,"column":6},"end":{"line":288,"column":56}},"79":{"start":{"line":289,"column":22},"end":{"line":289,"column":43}},"80":{"start":{"line":290,"column":31},"end":{"line":295,"column":7}},"81":{"start":{"line":296,"column":31},"end":{"line":301,"column":7}},"82":{"start":{"line":302,"column":6},"end":{"line":302,"column":68}},"83":{"start":{"line":304,"column":28},"end":{"line":304,"column":50}},"84":{"start":{"line":305,"column":31},"end":{"line":309,"column":7}},"85":{"start":{"line":310,"column":31},"end":{"line":313,"column":7}},"86":{"start":{"line":314,"column":6},"end":{"line":314,"column":61}},"87":{"start":{"line":319,"column":6},"end":{"line":358,"column":7}},"88":{"start":{"line":320,"column":27},"end":{"line":325,"column":9}},"89":{"start":{"line":326,"column":27},"end":{"line":329,"column":9}},"90":{"start":{"line":330,"column":21},"end":{"line":330,"column":63}},"91":{"start":{"line":332,"column":24},"end":{"line":332,"column":49}},"92":{"start":{"line":333,"column":33},"end":{"line":338,"column":9}},"93":{"start":{"line":339,"column":33},"end":{"line":344,"column":9}},"94":{"start":{"line":345,"column":8},"end":{"line":345,"column":70}},"95":{"start":{"line":347,"column":25},"end":{"line":347,"column":47}},"96":{"start":{"line":348,"column":33},"end":{"line":352,"column":9}},"97":{"start":{"line":353,"column":33},"end":{"line":356,"column":9}},"98":{"start":{"line":357,"column":8},"end":{"line":357,"column":63}},"99":{"start":{"line":362,"column":6},"end":{"line":439,"column":7}},"100":{"start":{"line":366,"column":27},"end":{"line":366,"column":60}},"101":{"start":{"line":367,"column":8},"end":{"line":367,"column":64}},"102":{"start":{"line":369,"column":8},"end":{"line":371,"column":9}},"103":{"start":{"line":370,"column":10},"end":{"line":370,"column":32}},"104":{"start":{"line":372,"column":8},"end":{"line":374,"column":9}},"105":{"start":{"line":373,"column":10},"end":{"line":373,"column":53}},"106":{"start":{"line":375,"column":26},"end":{"line":375,"column":57}},"107":{"start":{"line":376,"column":8},"end":{"line":378,"column":9}},"108":{"start":{"line":377,"column":10},"end":{"line":377,"column":29}},"109":{"start":{"line":379,"column":26},"end":{"line":379,"column":54}},"110":{"start":{"line":381,"column":29},"end":{"line":397,"column":9}},"111":{"start":{"line":398,"column":29},"end":{"line":409,"column":9}},"112":{"start":{"line":410,"column":21},"end":{"line":410,"column":67}},"113":{"start":{"line":412,"column":26},"end":{"line":412,"column":44}},"114":{"start":{"line":413,"column":35},"end":{"line":419,"column":9}},"115":{"start":{"line":420,"column":35},"end":{"line":425,"column":9}},"116":{"start":{"line":426,"column":8},"end":{"line":426,"column":74}},"117":{"start":{"line":428,"column":32},"end":{"line":428,"column":54}},"118":{"start":{"line":429,"column":35},"end":{"line":433,"column":9}},"119":{"start":{"line":434,"column":35},"end":{"line":437,"column":9}},"120":{"start":{"line":438,"column":8},"end":{"line":438,"column":67}},"121":{"start":{"line":444,"column":4},"end":{"line":483,"column":5}},"122":{"start":{"line":445,"column":24},"end":{"line":450,"column":7}},"123":{"start":{"line":451,"column":24},"end":{"line":454,"column":7}},"124":{"start":{"line":455,"column":19},"end":{"line":455,"column":59}},"125":{"start":{"line":457,"column":21},"end":{"line":457,"column":36}},"126":{"start":{"line":458,"column":30},"end":{"line":463,"column":7}},"127":{"start":{"line":464,"column":30},"end":{"line":469,"column":7}},"128":{"start":{"line":470,"column":6},"end":{"line":470,"column":66}},"129":{"start":{"line":472,"column":27},"end":{"line":472,"column":49}},"130":{"start":{"line":473,"column":30},"end":{"line":477,"column":7}},"131":{"start":{"line":478,"column":30},"end":{"line":481,"column":7}},"132":{"start":{"line":482,"column":6},"end":{"line":482,"column":59}},"133":{"start":{"line":488,"column":31},"end":{"line":491,"column":7}},"134":{"start":{"line":492,"column":31},"end":{"line":492,"column":41}},"135":{"start":{"line":493,"column":6},"end":{"line":493,"column":61}},"136":{"start":{"line":498,"column":4},"end":{"line":498,"column":33}},"137":{"start":{"line":499,"column":4},"end":{"line":499,"column":63}},"138":{"start":{"line":501,"column":4},"end":{"line":501,"column":35}},"139":{"start":{"line":502,"column":4},"end":{"line":502,"column":23}},"140":{"start":{"line":503,"column":4},"end":{"line":503,"column":13}},"141":{"start":{"line":505,"column":4},"end":{"line":505,"column":21}},"142":{"start":{"line":507,"column":2},"end":{"line":507,"column":11}},"143":{"start":{"line":510,"column":0},"end":{"line":510,"column":31}}},"fnMap":{"0":{"name":"insertEntry","decl":{"start":{"line":22,"column":15},"end":{"line":22,"column":26}},"loc":{"start":{"line":31,"column":2},"end":{"line":508,"column":1}},"line":31}},"branchMap":{"0":{"loc":{"start":{"line":30,"column":4},"end":{"line":30,"column":22}},"type":"default-arg","locations":[{"start":{"line":30,"column":13},"end":{"line":30,"column":22}}],"line":30},"1":{"loc":{"start":{"line":49,"column":6},"end":{"line":51,"column":7}},"type":"if","locations":[{"start":{"line":49,"column":6},"end":{"line":51,"column":7}},{"start":{"line":49,"column":6},"end":{"line":51,"column":7}}],"line":49},"2":{"loc":{"start":{"line":49,"column":11},"end":{"line":49,"column":53}},"type":"binary-expr","locations":[{"start":{"line":49,"column":11},"end":{"line":49,"column":31}},{"start":{"line":49,"column":35},"end":{"line":49,"column":53}}],"line":49},"3":{"loc":{"start":{"line":78,"column":6},"end":{"line":80,"column":7}},"type":"if","locations":[{"start":{"line":78,"column":6},"end":{"line":80,"column":7}},{"start":{"line":78,"column":6},"end":{"line":80,"column":7}}],"line":78},"4":{"loc":{"start":{"line":78,"column":11},"end":{"line":78,"column":47}},"type":"binary-expr","locations":[{"start":{"line":78,"column":11},"end":{"line":78,"column":28}},{"start":{"line":78,"column":32},"end":{"line":78,"column":47}}],"line":78},"5":{"loc":{"start":{"line":119,"column":6},"end":{"line":121,"column":7}},"type":"if","locations":[{"start":{"line":119,"column":6},"end":{"line":121,"column":7}},{"start":{"line":119,"column":6},"end":{"line":121,"column":7}}],"line":119},"6":{"loc":{"start":{"line":119,"column":11},"end":{"line":119,"column":43}},"type":"binary-expr","locations":[{"start":{"line":119,"column":11},"end":{"line":119,"column":26}},{"start":{"line":119,"column":30},"end":{"line":119,"column":43}}],"line":119},"7":{"loc":{"start":{"line":319,"column":6},"end":{"line":358,"column":7}},"type":"if","locations":[{"start":{"line":319,"column":6},"end":{"line":358,"column":7}},{"start":{"line":319,"column":6},"end":{"line":358,"column":7}}],"line":319},"8":{"loc":{"start":{"line":319,"column":10},"end":{"line":319,"column":66}},"type":"binary-expr","locations":[{"start":{"line":319,"column":10},"end":{"line":319,"column":35}},{"start":{"line":319,"column":39},"end":{"line":319,"column":66}}],"line":319},"9":{"loc":{"start":{"line":369,"column":8},"end":{"line":371,"column":9}},"type":"if","locations":[{"start":{"line":369,"column":8},"end":{"line":371,"column":9}},{"start":{"line":369,"column":8},"end":{"line":371,"column":9}}],"line":369},"10":{"loc":{"start":{"line":369,"column":12},"end":{"line":369,"column":78}},"type":"binary-expr","locations":[{"start":{"line":369,"column":12},"end":{"line":369,"column":35}},{"start":{"line":369,"column":39},"end":{"line":369,"column":78}}],"line":369},"11":{"loc":{"start":{"line":372,"column":8},"end":{"line":374,"column":9}},"type":"if","locations":[{"start":{"line":372,"column":8},"end":{"line":374,"column":9}},{"start":{"line":372,"column":8},"end":{"line":374,"column":9}}],"line":372},"12":{"loc":{"start":{"line":376,"column":8},"end":{"line":378,"column":9}},"type":"if","locations":[{"start":{"line":376,"column":8},"end":{"line":378,"column":9}},{"start":{"line":376,"column":8},"end":{"line":378,"column":9}}],"line":376},"13":{"loc":{"start":{"line":376,"column":12},"end":{"line":376,"column":72}},"type":"binary-expr","locations":[{"start":{"line":376,"column":12},"end":{"line":376,"column":32}},{"start":{"line":376,"column":36},"end":{"line":376,"column":72}}],"line":376}},"s":{"0":2,"1":0,"2":0,"3":0,"4":0,"5":0,"6":0,"7":0,"8":0,"9":0,"10":0,"11":0,"12":0,"13":0,"14":0,"15":0,"16":0,"17":0,"18":0,"19":0,"20":0,"21":0,"22":0,"23":0,"24":0,"25":0,"26":0,"27":0,"28":0,"29":0,"30":0,"31":0,"32":0,"33":0,"34":0,"35":0,"36":0,"37":0,"38":0,"39":0,"40":0,"41":0,"42":0,"43":0,"44":0,"45":0,"46":0,"47":0,"48":0,"49":0,"50":0,"51":0,"52":0,"53":0,"54":0,"55":0,"56":0,"57":0,"58":0,"59":0,"60":0,"61":0,"62":0,"63":0,"64":0,"65":0,"66":0,"67":0,"68":0,"69":0,"70":0,"71":0,"72":0,"73":0,"74":0,"75":0,"76":0,"77":0,"78":0,"79":0,"80":0,"81":0,"82":0,"83":0,"84":0,"85":0,"86":0,"87":0,"88":0,"89":0,"90":0,"91":0,"92":0,"93":0,"94":0,"95":0,"96":0,"97":0,"98":0,"99":0,"100":0,"101":0,"102":0,"103":0,"104":0,"105":0,"106":0,"107":0,"108":0,"109":0,"110":0,"111":0,"112":0,"113":0,"114":0,"115":0,"116":0,"117":0,"118":0,"119":0,"120":0,"121":0,"122":0,"123":0,"124":0,"125":0,"126":0,"127":0,"128":0,"129":0,"130":0,"131":0,"132":0,"133":0,"134":0,"135":0,"136":0,"137":0,"138":0,"139":0,"140":0,"141":0,"142":0,"143":2},"f":{"0":0},"b":{"0":[0],"1":[0,0],"2":[0,0],"3":[0,0],"4":[0,0],"5":[0,0],"6":[0,0],"7":[0,0],"8":[0,0],"9":[0,0],"10":[0,0],"11":[0,0],"12":[0,0],"13":[0,0]},"_coverageSchema":"43e27e138ebf9cfc5966b082cf9a028302ed4184","hash":"80679fa18f52a265450bc45b7b736eb9a91e8899"}
,"/Users/charles/Documents/irondb/controller/db/update-entry.js": {"path":"/Users/charles/Documents/irondb/controller/db/update-entry.js","statementMap":{"0":{"start":{"line":2,"column":11},"end":{"line":2,"column":29}},"1":{"start":{"line":14,"column":2},"end":{"line":17,"column":3}},"2":{"start":{"line":15,"column":4},"end":{"line":15,"column":57}},"3":{"start":{"line":16,"column":4},"end":{"line":16,"column":17}},"4":{"start":{"line":18,"column":2},"end":{"line":21,"column":3}},"5":{"start":{"line":19,"column":4},"end":{"line":19,"column":67}},"6":{"start":{"line":20,"column":4},"end":{"line":20,"column":17}},"7":{"start":{"line":22,"column":2},"end":{"line":25,"column":3}},"8":{"start":{"line":23,"column":4},"end":{"line":23,"column":55}},"9":{"start":{"line":24,"column":4},"end":{"line":24,"column":17}},"10":{"start":{"line":27,"column":21},"end":{"line":27,"column":25}},"11":{"start":{"line":28,"column":2},"end":{"line":30,"column":3}},"12":{"start":{"line":29,"column":4},"end":{"line":29,"column":46}},"13":{"start":{"line":32,"column":2},"end":{"line":32,"column":35}},"14":{"start":{"line":33,"column":2},"end":{"line":206,"column":3}},"15":{"start":{"line":34,"column":4},"end":{"line":34,"column":32}},"16":{"start":{"line":36,"column":4},"end":{"line":161,"column":5}},"17":{"start":{"line":37,"column":29},"end":{"line":42,"column":7}},"18":{"start":{"line":43,"column":30},"end":{"line":43,"column":53}},"19":{"start":{"line":44,"column":21},"end":{"line":44,"column":73}},"20":{"start":{"line":45,"column":6},"end":{"line":45,"column":43}},"21":{"start":{"line":46,"column":22},"end":{"line":46,"column":26}},"22":{"start":{"line":47,"column":20},"end":{"line":47,"column":24}},"23":{"start":{"line":51,"column":29},"end":{"line":56,"column":9}},"24":{"start":{"line":57,"column":29},"end":{"line":63,"column":9}},"25":{"start":{"line":64,"column":21},"end":{"line":64,"column":67}},"26":{"start":{"line":65,"column":35},"end":{"line":69,"column":9}},"27":{"start":{"line":70,"column":27},"end":{"line":70,"column":45}},"28":{"start":{"line":71,"column":8},"end":{"line":71,"column":31}},"29":{"start":{"line":72,"column":8},"end":{"line":74,"column":9}},"30":{"start":{"line":73,"column":10},"end":{"line":73,"column":49}},"31":{"start":{"line":75,"column":35},"end":{"line":80,"column":9}},"32":{"start":{"line":81,"column":8},"end":{"line":81,"column":74}},"33":{"start":{"line":83,"column":35},"end":{"line":87,"column":9}},"34":{"start":{"line":88,"column":32},"end":{"line":88,"column":54}},"35":{"start":{"line":89,"column":35},"end":{"line":92,"column":9}},"36":{"start":{"line":93,"column":8},"end":{"line":93,"column":67}},"37":{"start":{"line":98,"column":27},"end":{"line":103,"column":9}},"38":{"start":{"line":104,"column":27},"end":{"line":108,"column":9}},"39":{"start":{"line":109,"column":21},"end":{"line":109,"column":63}},"40":{"start":{"line":111,"column":25},"end":{"line":111,"column":41}},"41":{"start":{"line":112,"column":8},"end":{"line":112,"column":27}},"42":{"start":{"line":113,"column":8},"end":{"line":115,"column":9}},"43":{"start":{"line":114,"column":10},"end":{"line":114,"column":47}},"44":{"start":{"line":117,"column":33},"end":{"line":122,"column":9}},"45":{"start":{"line":123,"column":33},"end":{"line":128,"column":9}},"46":{"start":{"line":129,"column":8},"end":{"line":129,"column":70}},"47":{"start":{"line":130,"column":30},"end":{"line":130,"column":52}},"48":{"start":{"line":131,"column":33},"end":{"line":135,"column":9}},"49":{"start":{"line":136,"column":33},"end":{"line":139,"column":9}},"50":{"start":{"line":140,"column":8},"end":{"line":140,"column":63}},"51":{"start":{"line":145,"column":6},"end":{"line":152,"column":9}},"52":{"start":{"line":146,"column":8},"end":{"line":146,"column":33}},"53":{"start":{"line":147,"column":8},"end":{"line":151,"column":9}},"54":{"start":{"line":148,"column":10},"end":{"line":150,"column":13}},"55":{"start":{"line":149,"column":12},"end":{"line":149,"column":42}},"56":{"start":{"line":154,"column":20},"end":{"line":158,"column":7}},"57":{"start":{"line":159,"column":21},"end":{"line":159,"column":45}},"58":{"start":{"line":160,"column":6},"end":{"line":160,"column":40}},"59":{"start":{"line":163,"column":4},"end":{"line":163,"column":29}},"60":{"start":{"line":165,"column":23},"end":{"line":165,"column":28}},"61":{"start":{"line":166,"column":4},"end":{"line":175,"column":5}},"62":{"start":{"line":167,"column":6},"end":{"line":169,"column":7}},"63":{"start":{"line":168,"column":8},"end":{"line":168,"column":28}},"64":{"start":{"line":170,"column":18},"end":{"line":170,"column":67}},"65":{"start":{"line":171,"column":6},"end":{"line":174,"column":7}},"66":{"start":{"line":172,"column":8},"end":{"line":172,"column":28}},"67":{"start":{"line":173,"column":8},"end":{"line":173,"column":41}},"68":{"start":{"line":179,"column":4},"end":{"line":195,"column":5}},"69":{"start":{"line":180,"column":20},"end":{"line":184,"column":7}},"70":{"start":{"line":185,"column":21},"end":{"line":185,"column":42}},"71":{"start":{"line":186,"column":6},"end":{"line":186,"column":40}},"72":{"start":{"line":188,"column":20},"end":{"line":192,"column":7}},"73":{"start":{"line":193,"column":21},"end":{"line":193,"column":49}},"74":{"start":{"line":194,"column":6},"end":{"line":194,"column":40}},"75":{"start":{"line":197,"column":4},"end":{"line":197,"column":33}},"76":{"start":{"line":198,"column":4},"end":{"line":198,"column":16}},"77":{"start":{"line":201,"column":4},"end":{"line":201,"column":35}},"78":{"start":{"line":202,"column":4},"end":{"line":202,"column":25}},"79":{"start":{"line":203,"column":4},"end":{"line":203,"column":17}},"80":{"start":{"line":205,"column":4},"end":{"line":205,"column":21}},"81":{"start":{"line":217,"column":2},"end":{"line":217,"column":38}},"82":{"start":{"line":218,"column":2},"end":{"line":263,"column":3}},"83":{"start":{"line":219,"column":17},"end":{"line":219,"column":25}},"84":{"start":{"line":220,"column":4},"end":{"line":260,"column":5}},"85":{"start":{"line":222,"column":8},"end":{"line":227,"column":9}},"86":{"start":{"line":223,"column":10},"end":{"line":223,"column":23}},"87":{"start":{"line":225,"column":10},"end":{"line":225,"column":60}},"88":{"start":{"line":226,"column":10},"end":{"line":226,"column":42}},"89":{"start":{"line":229,"column":8},"end":{"line":234,"column":9}},"90":{"start":{"line":230,"column":10},"end":{"line":230,"column":23}},"91":{"start":{"line":232,"column":10},"end":{"line":232,"column":61}},"92":{"start":{"line":233,"column":10},"end":{"line":233,"column":59}},"93":{"start":{"line":236,"column":8},"end":{"line":241,"column":9}},"94":{"start":{"line":237,"column":10},"end":{"line":237,"column":23}},"95":{"start":{"line":239,"column":10},"end":{"line":239,"column":59}},"96":{"start":{"line":240,"column":10},"end":{"line":240,"column":55}},"97":{"start":{"line":243,"column":8},"end":{"line":248,"column":9}},"98":{"start":{"line":244,"column":10},"end":{"line":244,"column":23}},"99":{"start":{"line":246,"column":10},"end":{"line":246,"column":62}},"100":{"start":{"line":247,"column":10},"end":{"line":247,"column":56}},"101":{"start":{"line":251,"column":8},"end":{"line":256,"column":9}},"102":{"start":{"line":252,"column":10},"end":{"line":252,"column":23}},"103":{"start":{"line":254,"column":10},"end":{"line":254,"column":59}},"104":{"start":{"line":255,"column":10},"end":{"line":255,"column":55}},"105":{"start":{"line":259,"column":8},"end":{"line":259,"column":21}},"106":{"start":{"line":262,"column":4},"end":{"line":262,"column":17}},"107":{"start":{"line":289,"column":2},"end":{"line":380,"column":3}},"108":{"start":{"line":291,"column":6},"end":{"line":294,"column":7}},"109":{"start":{"line":292,"column":8},"end":{"line":292,"column":48}},"110":{"start":{"line":293,"column":8},"end":{"line":293,"column":21}},"111":{"start":{"line":295,"column":6},"end":{"line":298,"column":7}},"112":{"start":{"line":296,"column":8},"end":{"line":296,"column":51}},"113":{"start":{"line":297,"column":8},"end":{"line":297,"column":21}},"114":{"start":{"line":299,"column":6},"end":{"line":302,"column":7}},"115":{"start":{"line":300,"column":8},"end":{"line":300,"column":44}},"116":{"start":{"line":301,"column":8},"end":{"line":301,"column":21}},"117":{"start":{"line":303,"column":6},"end":{"line":306,"column":7}},"118":{"start":{"line":304,"column":8},"end":{"line":304,"column":50}},"119":{"start":{"line":305,"column":8},"end":{"line":305,"column":21}},"120":{"start":{"line":307,"column":6},"end":{"line":310,"column":7}},"121":{"start":{"line":308,"column":8},"end":{"line":308,"column":52}},"122":{"start":{"line":309,"column":8},"end":{"line":309,"column":21}},"123":{"start":{"line":311,"column":6},"end":{"line":314,"column":7}},"124":{"start":{"line":312,"column":8},"end":{"line":312,"column":49}},"125":{"start":{"line":313,"column":8},"end":{"line":313,"column":21}},"126":{"start":{"line":315,"column":6},"end":{"line":318,"column":7}},"127":{"start":{"line":316,"column":8},"end":{"line":316,"column":47}},"128":{"start":{"line":317,"column":8},"end":{"line":317,"column":21}},"129":{"start":{"line":319,"column":6},"end":{"line":322,"column":7}},"130":{"start":{"line":320,"column":8},"end":{"line":320,"column":46}},"131":{"start":{"line":321,"column":8},"end":{"line":321,"column":21}},"132":{"start":{"line":323,"column":6},"end":{"line":326,"column":7}},"133":{"start":{"line":324,"column":8},"end":{"line":324,"column":47}},"134":{"start":{"line":325,"column":8},"end":{"line":325,"column":21}},"135":{"start":{"line":327,"column":6},"end":{"line":330,"column":7}},"136":{"start":{"line":328,"column":8},"end":{"line":328,"column":49}},"137":{"start":{"line":329,"column":8},"end":{"line":329,"column":21}},"138":{"start":{"line":331,"column":6},"end":{"line":334,"column":7}},"139":{"start":{"line":332,"column":8},"end":{"line":332,"column":52}},"140":{"start":{"line":333,"column":8},"end":{"line":333,"column":21}},"141":{"start":{"line":335,"column":6},"end":{"line":338,"column":7}},"142":{"start":{"line":336,"column":8},"end":{"line":336,"column":51}},"143":{"start":{"line":337,"column":8},"end":{"line":337,"column":21}},"144":{"start":{"line":339,"column":6},"end":{"line":342,"column":7}},"145":{"start":{"line":340,"column":8},"end":{"line":340,"column":53}},"146":{"start":{"line":341,"column":8},"end":{"line":341,"column":21}},"147":{"start":{"line":343,"column":6},"end":{"line":346,"column":7}},"148":{"start":{"line":344,"column":8},"end":{"line":344,"column":57}},"149":{"start":{"line":345,"column":8},"end":{"line":345,"column":21}},"150":{"start":{"line":347,"column":6},"end":{"line":350,"column":7}},"151":{"start":{"line":348,"column":8},"end":{"line":348,"column":64}},"152":{"start":{"line":349,"column":8},"end":{"line":349,"column":21}},"153":{"start":{"line":351,"column":6},"end":{"line":354,"column":7}},"154":{"start":{"line":352,"column":8},"end":{"line":352,"column":55}},"155":{"start":{"line":353,"column":8},"end":{"line":353,"column":21}},"156":{"start":{"line":355,"column":6},"end":{"line":355,"column":12}},"157":{"start":{"line":359,"column":6},"end":{"line":362,"column":7}},"158":{"start":{"line":360,"column":8},"end":{"line":360,"column":48}},"159":{"start":{"line":361,"column":8},"end":{"line":361,"column":21}},"160":{"start":{"line":363,"column":6},"end":{"line":366,"column":7}},"161":{"start":{"line":364,"column":8},"end":{"line":364,"column":49}},"162":{"start":{"line":365,"column":8},"end":{"line":365,"column":21}},"163":{"start":{"line":367,"column":6},"end":{"line":370,"column":7}},"164":{"start":{"line":368,"column":8},"end":{"line":368,"column":50}},"165":{"start":{"line":369,"column":8},"end":{"line":369,"column":21}},"166":{"start":{"line":371,"column":6},"end":{"line":374,"column":7}},"167":{"start":{"line":372,"column":8},"end":{"line":372,"column":51}},"168":{"start":{"line":373,"column":8},"end":{"line":373,"column":21}},"169":{"start":{"line":375,"column":6},"end":{"line":375,"column":12}},"170":{"start":{"line":379,"column":6},"end":{"line":379,"column":19}},"171":{"start":{"line":382,"column":2},"end":{"line":382,"column":14}},"172":{"start":{"line":413,"column":2},"end":{"line":503,"column":3}},"173":{"start":{"line":415,"column":6},"end":{"line":422,"column":7}},"174":{"start":{"line":420,"column":8},"end":{"line":420,"column":65}},"175":{"start":{"line":421,"column":8},"end":{"line":421,"column":21}},"176":{"start":{"line":423,"column":6},"end":{"line":426,"column":7}},"177":{"start":{"line":424,"column":8},"end":{"line":424,"column":54}},"178":{"start":{"line":425,"column":8},"end":{"line":425,"column":21}},"179":{"start":{"line":427,"column":6},"end":{"line":430,"column":7}},"180":{"start":{"line":428,"column":8},"end":{"line":428,"column":52}},"181":{"start":{"line":429,"column":8},"end":{"line":429,"column":21}},"182":{"start":{"line":431,"column":6},"end":{"line":434,"column":7}},"183":{"start":{"line":432,"column":8},"end":{"line":432,"column":50}},"184":{"start":{"line":433,"column":8},"end":{"line":433,"column":21}},"185":{"start":{"line":435,"column":6},"end":{"line":438,"column":7}},"186":{"start":{"line":436,"column":8},"end":{"line":436,"column":50}},"187":{"start":{"line":437,"column":8},"end":{"line":437,"column":21}},"188":{"start":{"line":439,"column":6},"end":{"line":442,"column":7}},"189":{"start":{"line":440,"column":8},"end":{"line":440,"column":51}},"190":{"start":{"line":441,"column":8},"end":{"line":441,"column":21}},"191":{"start":{"line":443,"column":6},"end":{"line":446,"column":7}},"192":{"start":{"line":444,"column":8},"end":{"line":444,"column":51}},"193":{"start":{"line":445,"column":8},"end":{"line":445,"column":21}},"194":{"start":{"line":447,"column":6},"end":{"line":450,"column":7}},"195":{"start":{"line":448,"column":8},"end":{"line":448,"column":51}},"196":{"start":{"line":449,"column":8},"end":{"line":449,"column":21}},"197":{"start":{"line":451,"column":6},"end":{"line":451,"column":12}},"198":{"start":{"line":454,"column":6},"end":{"line":461,"column":7}},"199":{"start":{"line":459,"column":8},"end":{"line":459,"column":65}},"200":{"start":{"line":460,"column":8},"end":{"line":460,"column":21}},"201":{"start":{"line":462,"column":6},"end":{"line":465,"column":7}},"202":{"start":{"line":463,"column":8},"end":{"line":463,"column":54}},"203":{"start":{"line":464,"column":8},"end":{"line":464,"column":21}},"204":{"start":{"line":466,"column":6},"end":{"line":469,"column":7}},"205":{"start":{"line":467,"column":8},"end":{"line":467,"column":52}},"206":{"start":{"line":468,"column":8},"end":{"line":468,"column":21}},"207":{"start":{"line":470,"column":6},"end":{"line":473,"column":7}},"208":{"start":{"line":471,"column":8},"end":{"line":471,"column":50}},"209":{"start":{"line":472,"column":8},"end":{"line":472,"column":21}},"210":{"start":{"line":474,"column":6},"end":{"line":477,"column":7}},"211":{"start":{"line":475,"column":8},"end":{"line":475,"column":50}},"212":{"start":{"line":476,"column":8},"end":{"line":476,"column":21}},"213":{"start":{"line":478,"column":6},"end":{"line":478,"column":12}},"214":{"start":{"line":482,"column":6},"end":{"line":485,"column":7}},"215":{"start":{"line":483,"column":8},"end":{"line":483,"column":50}},"216":{"start":{"line":484,"column":8},"end":{"line":484,"column":21}},"217":{"start":{"line":486,"column":6},"end":{"line":489,"column":7}},"218":{"start":{"line":487,"column":8},"end":{"line":487,"column":50}},"219":{"start":{"line":488,"column":8},"end":{"line":488,"column":21}},"220":{"start":{"line":490,"column":6},"end":{"line":493,"column":7}},"221":{"start":{"line":491,"column":8},"end":{"line":491,"column":51}},"222":{"start":{"line":492,"column":8},"end":{"line":492,"column":21}},"223":{"start":{"line":494,"column":6},"end":{"line":497,"column":7}},"224":{"start":{"line":495,"column":8},"end":{"line":495,"column":51}},"225":{"start":{"line":496,"column":8},"end":{"line":496,"column":21}},"226":{"start":{"line":498,"column":6},"end":{"line":498,"column":12}},"227":{"start":{"line":502,"column":6},"end":{"line":502,"column":19}},"228":{"start":{"line":505,"column":2},"end":{"line":505,"column":14}},"229":{"start":{"line":531,"column":2},"end":{"line":576,"column":3}},"230":{"start":{"line":533,"column":6},"end":{"line":536,"column":7}},"231":{"start":{"line":534,"column":8},"end":{"line":534,"column":45}},"232":{"start":{"line":535,"column":8},"end":{"line":535,"column":21}},"233":{"start":{"line":537,"column":6},"end":{"line":540,"column":7}},"234":{"start":{"line":538,"column":8},"end":{"line":538,"column":47}},"235":{"start":{"line":539,"column":8},"end":{"line":539,"column":21}},"236":{"start":{"line":541,"column":6},"end":{"line":544,"column":7}},"237":{"start":{"line":542,"column":8},"end":{"line":542,"column":47}},"238":{"start":{"line":543,"column":8},"end":{"line":543,"column":21}},"239":{"start":{"line":545,"column":6},"end":{"line":545,"column":12}},"240":{"start":{"line":548,"column":6},"end":{"line":551,"column":7}},"241":{"start":{"line":549,"column":8},"end":{"line":549,"column":48}},"242":{"start":{"line":550,"column":8},"end":{"line":550,"column":21}},"243":{"start":{"line":552,"column":6},"end":{"line":555,"column":7}},"244":{"start":{"line":553,"column":8},"end":{"line":553,"column":48}},"245":{"start":{"line":554,"column":8},"end":{"line":554,"column":21}},"246":{"start":{"line":556,"column":6},"end":{"line":559,"column":7}},"247":{"start":{"line":557,"column":8},"end":{"line":557,"column":45}},"248":{"start":{"line":558,"column":8},"end":{"line":558,"column":21}},"249":{"start":{"line":560,"column":6},"end":{"line":560,"column":12}},"250":{"start":{"line":563,"column":6},"end":{"line":566,"column":7}},"251":{"start":{"line":564,"column":8},"end":{"line":564,"column":47}},"252":{"start":{"line":565,"column":8},"end":{"line":565,"column":21}},"253":{"start":{"line":567,"column":6},"end":{"line":570,"column":7}},"254":{"start":{"line":568,"column":8},"end":{"line":568,"column":47}},"255":{"start":{"line":569,"column":8},"end":{"line":569,"column":21}},"256":{"start":{"line":571,"column":6},"end":{"line":571,"column":12}},"257":{"start":{"line":574,"column":6},"end":{"line":574,"column":58}},"258":{"start":{"line":575,"column":6},"end":{"line":575,"column":19}},"259":{"start":{"line":578,"column":2},"end":{"line":578,"column":14}},"260":{"start":{"line":592,"column":2},"end":{"line":607,"column":3}},"261":{"start":{"line":593,"column":4},"end":{"line":596,"column":5}},"262":{"start":{"line":594,"column":6},"end":{"line":594,"column":65}},"263":{"start":{"line":595,"column":6},"end":{"line":595,"column":19}},"264":{"start":{"line":597,"column":4},"end":{"line":600,"column":5}},"265":{"start":{"line":598,"column":6},"end":{"line":598,"column":65}},"266":{"start":{"line":599,"column":6},"end":{"line":599,"column":19}},"267":{"start":{"line":603,"column":4},"end":{"line":603,"column":16}},"268":{"start":{"line":605,"column":4},"end":{"line":605,"column":73}},"269":{"start":{"line":606,"column":4},"end":{"line":606,"column":17}},"270":{"start":{"line":627,"column":2},"end":{"line":724,"column":3}},"271":{"start":{"line":638,"column":4},"end":{"line":645,"column":5}},"272":{"start":{"line":643,"column":6},"end":{"line":643,"column":55}},"273":{"start":{"line":644,"column":6},"end":{"line":644,"column":19}},"274":{"start":{"line":648,"column":4},"end":{"line":656,"column":5}},"275":{"start":{"line":649,"column":6},"end":{"line":652,"column":7}},"276":{"start":{"line":650,"column":8},"end":{"line":650,"column":72}},"277":{"start":{"line":651,"column":8},"end":{"line":651,"column":21}},"278":{"start":{"line":654,"column":6},"end":{"line":654,"column":54}},"279":{"start":{"line":655,"column":6},"end":{"line":655,"column":19}},"280":{"start":{"line":659,"column":23},"end":{"line":659,"column":75}},"281":{"start":{"line":660,"column":4},"end":{"line":668,"column":5}},"282":{"start":{"line":661,"column":6},"end":{"line":664,"column":7}},"283":{"start":{"line":662,"column":8},"end":{"line":662,"column":69}},"284":{"start":{"line":663,"column":8},"end":{"line":663,"column":21}},"285":{"start":{"line":666,"column":6},"end":{"line":666,"column":51}},"286":{"start":{"line":667,"column":6},"end":{"line":667,"column":19}},"287":{"start":{"line":671,"column":4},"end":{"line":674,"column":5}},"288":{"start":{"line":672,"column":6},"end":{"line":672,"column":59}},"289":{"start":{"line":673,"column":6},"end":{"line":673,"column":19}},"290":{"start":{"line":677,"column":4},"end":{"line":683,"column":5}},"291":{"start":{"line":678,"column":6},"end":{"line":678,"column":63}},"292":{"start":{"line":679,"column":6},"end":{"line":679,"column":19}},"293":{"start":{"line":680,"column":11},"end":{"line":683,"column":5}},"294":{"start":{"line":681,"column":6},"end":{"line":681,"column":61}},"295":{"start":{"line":682,"column":6},"end":{"line":682,"column":19}},"296":{"start":{"line":686,"column":4},"end":{"line":692,"column":5}},"297":{"start":{"line":687,"column":6},"end":{"line":687,"column":78}},"298":{"start":{"line":688,"column":6},"end":{"line":688,"column":19}},"299":{"start":{"line":689,"column":11},"end":{"line":692,"column":5}},"300":{"start":{"line":690,"column":6},"end":{"line":690,"column":69}},"301":{"start":{"line":691,"column":6},"end":{"line":691,"column":19}},"302":{"start":{"line":695,"column":4},"end":{"line":704,"column":5}},"303":{"start":{"line":696,"column":6},"end":{"line":696,"column":70}},"304":{"start":{"line":697,"column":6},"end":{"line":697,"column":19}},"305":{"start":{"line":698,"column":11},"end":{"line":704,"column":5}},"306":{"start":{"line":702,"column":6},"end":{"line":702,"column":57}},"307":{"start":{"line":703,"column":6},"end":{"line":703,"column":19}},"308":{"start":{"line":707,"column":4},"end":{"line":716,"column":5}},"309":{"start":{"line":708,"column":6},"end":{"line":708,"column":68}},"310":{"start":{"line":709,"column":6},"end":{"line":709,"column":19}},"311":{"start":{"line":710,"column":11},"end":{"line":716,"column":5}},"312":{"start":{"line":714,"column":6},"end":{"line":714,"column":57}},"313":{"start":{"line":715,"column":6},"end":{"line":715,"column":19}},"314":{"start":{"line":720,"column":4},"end":{"line":720,"column":16}},"315":{"start":{"line":722,"column":4},"end":{"line":722,"column":57}},"316":{"start":{"line":723,"column":4},"end":{"line":723,"column":17}},"317":{"start":{"line":775,"column":2},"end":{"line":878,"column":3}},"318":{"start":{"line":777,"column":6},"end":{"line":785,"column":7}},"319":{"start":{"line":783,"column":8},"end":{"line":783,"column":70}},"320":{"start":{"line":784,"column":8},"end":{"line":784,"column":21}},"321":{"start":{"line":786,"column":6},"end":{"line":793,"column":7}},"322":{"start":{"line":791,"column":8},"end":{"line":791,"column":49}},"323":{"start":{"line":792,"column":8},"end":{"line":792,"column":21}},"324":{"start":{"line":795,"column":6},"end":{"line":798,"column":7}},"325":{"start":{"line":796,"column":8},"end":{"line":796,"column":45}},"326":{"start":{"line":797,"column":8},"end":{"line":797,"column":21}},"327":{"start":{"line":800,"column":6},"end":{"line":803,"column":7}},"328":{"start":{"line":801,"column":8},"end":{"line":801,"column":60}},"329":{"start":{"line":802,"column":8},"end":{"line":802,"column":21}},"330":{"start":{"line":805,"column":6},"end":{"line":808,"column":7}},"331":{"start":{"line":806,"column":8},"end":{"line":806,"column":48}},"332":{"start":{"line":807,"column":8},"end":{"line":807,"column":21}},"333":{"start":{"line":810,"column":6},"end":{"line":815,"column":7}},"334":{"start":{"line":811,"column":8},"end":{"line":814,"column":9}},"335":{"start":{"line":812,"column":10},"end":{"line":812,"column":53}},"336":{"start":{"line":813,"column":10},"end":{"line":813,"column":23}},"337":{"start":{"line":816,"column":6},"end":{"line":816,"column":12}},"338":{"start":{"line":820,"column":6},"end":{"line":827,"column":7}},"339":{"start":{"line":825,"column":8},"end":{"line":825,"column":70}},"340":{"start":{"line":826,"column":8},"end":{"line":826,"column":21}},"341":{"start":{"line":829,"column":6},"end":{"line":836,"column":7}},"342":{"start":{"line":834,"column":8},"end":{"line":834,"column":49}},"343":{"start":{"line":835,"column":8},"end":{"line":835,"column":21}},"344":{"start":{"line":838,"column":6},"end":{"line":841,"column":7}},"345":{"start":{"line":839,"column":8},"end":{"line":839,"column":45}},"346":{"start":{"line":840,"column":8},"end":{"line":840,"column":21}},"347":{"start":{"line":843,"column":6},"end":{"line":846,"column":7}},"348":{"start":{"line":844,"column":8},"end":{"line":844,"column":60}},"349":{"start":{"line":845,"column":8},"end":{"line":845,"column":21}},"350":{"start":{"line":848,"column":6},"end":{"line":853,"column":7}},"351":{"start":{"line":849,"column":8},"end":{"line":852,"column":9}},"352":{"start":{"line":850,"column":10},"end":{"line":850,"column":53}},"353":{"start":{"line":851,"column":10},"end":{"line":851,"column":23}},"354":{"start":{"line":857,"column":6},"end":{"line":863,"column":7}},"355":{"start":{"line":861,"column":8},"end":{"line":861,"column":70}},"356":{"start":{"line":862,"column":8},"end":{"line":862,"column":21}},"357":{"start":{"line":864,"column":6},"end":{"line":867,"column":7}},"358":{"start":{"line":865,"column":8},"end":{"line":865,"column":47}},"359":{"start":{"line":866,"column":8},"end":{"line":866,"column":21}},"360":{"start":{"line":868,"column":6},"end":{"line":871,"column":7}},"361":{"start":{"line":869,"column":8},"end":{"line":869,"column":47}},"362":{"start":{"line":870,"column":8},"end":{"line":870,"column":21}},"363":{"start":{"line":873,"column":6},"end":{"line":873,"column":12}},"364":{"start":{"line":876,"column":6},"end":{"line":876,"column":45}},"365":{"start":{"line":877,"column":6},"end":{"line":877,"column":19}},"366":{"start":{"line":881,"column":2},"end":{"line":881,"column":14}},"367":{"start":{"line":909,"column":2},"end":{"line":1042,"column":3}},"368":{"start":{"line":911,"column":18},"end":{"line":917,"column":7}},"369":{"start":{"line":918,"column":19},"end":{"line":925,"column":7}},"370":{"start":{"line":927,"column":17},"end":{"line":927,"column":50}},"371":{"start":{"line":928,"column":21},"end":{"line":928,"column":43}},"372":{"start":{"line":931,"column":6},"end":{"line":935,"column":8}},"373":{"start":{"line":936,"column":6},"end":{"line":939,"column":8}},"374":{"start":{"line":941,"column":6},"end":{"line":941,"column":40}},"375":{"start":{"line":943,"column":6},"end":{"line":949,"column":8}},"376":{"start":{"line":950,"column":6},"end":{"line":954,"column":8}},"377":{"start":{"line":956,"column":6},"end":{"line":956,"column":47}},"378":{"start":{"line":957,"column":6},"end":{"line":957,"column":40}},"379":{"start":{"line":960,"column":6},"end":{"line":964,"column":8}},"380":{"start":{"line":965,"column":6},"end":{"line":968,"column":8}},"381":{"start":{"line":970,"column":6},"end":{"line":970,"column":40}},"382":{"start":{"line":971,"column":6},"end":{"line":971,"column":12}},"383":{"start":{"line":976,"column":18},"end":{"line":980,"column":7}},"384":{"start":{"line":981,"column":19},"end":{"line":981,"column":32}},"385":{"start":{"line":983,"column":17},"end":{"line":983,"column":50}},"386":{"start":{"line":984,"column":21},"end":{"line":984,"column":43}},"387":{"start":{"line":987,"column":6},"end":{"line":991,"column":8}},"388":{"start":{"line":992,"column":6},"end":{"line":992,"column":26}},"389":{"start":{"line":993,"column":6},"end":{"line":993,"column":47}},"390":{"start":{"line":994,"column":21},"end":{"line":994,"column":41}},"391":{"start":{"line":997,"column":6},"end":{"line":1001,"column":8}},"392":{"start":{"line":1002,"column":6},"end":{"line":1007,"column":8}},"393":{"start":{"line":1009,"column":6},"end":{"line":1009,"column":40}},"394":{"start":{"line":1012,"column":6},"end":{"line":1016,"column":8}},"395":{"start":{"line":1017,"column":6},"end":{"line":1017,"column":31}},"396":{"start":{"line":1019,"column":6},"end":{"line":1019,"column":47}},"397":{"start":{"line":1020,"column":6},"end":{"line":1020,"column":40}},"398":{"start":{"line":1023,"column":6},"end":{"line":1027,"column":8}},"399":{"start":{"line":1028,"column":6},"end":{"line":1033,"column":8}},"400":{"start":{"line":1035,"column":6},"end":{"line":1035,"column":40}},"401":{"start":{"line":1037,"column":6},"end":{"line":1037,"column":12}},"402":{"start":{"line":1041,"column":6},"end":{"line":1041,"column":19}},"403":{"start":{"line":1044,"column":2},"end":{"line":1044,"column":14}},"404":{"start":{"line":1078,"column":2},"end":{"line":1273,"column":3}},"405":{"start":{"line":1080,"column":20},"end":{"line":1086,"column":7}},"406":{"start":{"line":1088,"column":21},"end":{"line":1093,"column":7}},"407":{"start":{"line":1095,"column":19},"end":{"line":1095,"column":52}},"408":{"start":{"line":1096,"column":23},"end":{"line":1096,"column":45}},"409":{"start":{"line":1099,"column":32},"end":{"line":1103,"column":7}},"410":{"start":{"line":1105,"column":32},"end":{"line":1108,"column":7}},"411":{"start":{"line":1110,"column":6},"end":{"line":1110,"column":63}},"412":{"start":{"line":1111,"column":6},"end":{"line":1111,"column":12}},"413":{"start":{"line":1115,"column":22},"end":{"line":1120,"column":7}},"414":{"start":{"line":1122,"column":21},"end":{"line":1126,"column":7}},"415":{"start":{"line":1128,"column":17},"end":{"line":1128,"column":52}},"416":{"start":{"line":1129,"column":23},"end":{"line":1129,"column":45}},"417":{"start":{"line":1132,"column":32},"end":{"line":1137,"column":7}},"418":{"start":{"line":1138,"column":32},"end":{"line":1143,"column":7}},"419":{"start":{"line":1144,"column":6},"end":{"line":1144,"column":70}},"420":{"start":{"line":1146,"column":29},"end":{"line":1146,"column":51}},"421":{"start":{"line":1147,"column":32},"end":{"line":1151,"column":7}},"422":{"start":{"line":1152,"column":32},"end":{"line":1155,"column":7}},"423":{"start":{"line":1156,"column":6},"end":{"line":1156,"column":63}},"424":{"start":{"line":1159,"column":24},"end":{"line":1164,"column":7}},"425":{"start":{"line":1165,"column":24},"end":{"line":1168,"column":7}},"426":{"start":{"line":1169,"column":6},"end":{"line":1169,"column":54}},"427":{"start":{"line":1171,"column":21},"end":{"line":1171,"column":48}},"428":{"start":{"line":1172,"column":30},"end":{"line":1177,"column":7}},"429":{"start":{"line":1178,"column":30},"end":{"line":1183,"column":7}},"430":{"start":{"line":1184,"column":6},"end":{"line":1184,"column":66}},"431":{"start":{"line":1185,"column":27},"end":{"line":1185,"column":49}},"432":{"start":{"line":1186,"column":30},"end":{"line":1190,"column":7}},"433":{"start":{"line":1191,"column":30},"end":{"line":1194,"column":7}},"434":{"start":{"line":1195,"column":6},"end":{"line":1195,"column":59}},"435":{"start":{"line":1199,"column":6},"end":{"line":1199,"column":12}},"436":{"start":{"line":1204,"column":18},"end":{"line":1209,"column":7}},"437":{"start":{"line":1210,"column":19},"end":{"line":1213,"column":7}},"438":{"start":{"line":1214,"column":17},"end":{"line":1214,"column":50}},"439":{"start":{"line":1215,"column":21},"end":{"line":1215,"column":43}},"440":{"start":{"line":1218,"column":6},"end":{"line":1222,"column":8}},"441":{"start":{"line":1223,"column":6},"end":{"line":1223,"column":26}},"442":{"start":{"line":1224,"column":6},"end":{"line":1224,"column":47}},"443":{"start":{"line":1225,"column":21},"end":{"line":1225,"column":41}},"444":{"start":{"line":1228,"column":6},"end":{"line":1232,"column":8}},"445":{"start":{"line":1233,"column":6},"end":{"line":1238,"column":8}},"446":{"start":{"line":1240,"column":6},"end":{"line":1240,"column":40}},"447":{"start":{"line":1243,"column":6},"end":{"line":1247,"column":8}},"448":{"start":{"line":1248,"column":6},"end":{"line":1248,"column":30}},"449":{"start":{"line":1250,"column":6},"end":{"line":1250,"column":47}},"450":{"start":{"line":1251,"column":6},"end":{"line":1251,"column":40}},"451":{"start":{"line":1254,"column":6},"end":{"line":1258,"column":8}},"452":{"start":{"line":1259,"column":6},"end":{"line":1264,"column":8}},"453":{"start":{"line":1266,"column":6},"end":{"line":1266,"column":40}},"454":{"start":{"line":1268,"column":6},"end":{"line":1268,"column":12}},"455":{"start":{"line":1272,"column":6},"end":{"line":1272,"column":12}},"456":{"start":{"line":1274,"column":2},"end":{"line":1274,"column":14}},"457":{"start":{"line":1303,"column":2},"end":{"line":1417,"column":3}},"458":{"start":{"line":1305,"column":18},"end":{"line":1310,"column":7}},"459":{"start":{"line":1312,"column":19},"end":{"line":1315,"column":7}},"460":{"start":{"line":1317,"column":19},"end":{"line":1317,"column":52}},"461":{"start":{"line":1318,"column":23},"end":{"line":1318,"column":45}},"462":{"start":{"line":1321,"column":6},"end":{"line":1325,"column":8}},"463":{"start":{"line":1326,"column":6},"end":{"line":1329,"column":8}},"464":{"start":{"line":1331,"column":6},"end":{"line":1331,"column":40}},"465":{"start":{"line":1332,"column":6},"end":{"line":1332,"column":12}},"466":{"start":{"line":1336,"column":24},"end":{"line":1341,"column":7}},"467":{"start":{"line":1342,"column":24},"end":{"line":1345,"column":7}},"468":{"start":{"line":1346,"column":19},"end":{"line":1346,"column":59}},"469":{"start":{"line":1348,"column":21},"end":{"line":1348,"column":36}},"470":{"start":{"line":1349,"column":30},"end":{"line":1354,"column":7}},"471":{"start":{"line":1355,"column":30},"end":{"line":1360,"column":7}},"472":{"start":{"line":1361,"column":6},"end":{"line":1361,"column":66}},"473":{"start":{"line":1363,"column":27},"end":{"line":1363,"column":49}},"474":{"start":{"line":1364,"column":30},"end":{"line":1368,"column":7}},"475":{"start":{"line":1369,"column":30},"end":{"line":1372,"column":7}},"476":{"start":{"line":1373,"column":6},"end":{"line":1373,"column":59}},"477":{"start":{"line":1374,"column":6},"end":{"line":1374,"column":12}},"478":{"start":{"line":1379,"column":18},"end":{"line":1383,"column":7}},"479":{"start":{"line":1384,"column":19},"end":{"line":1384,"column":31}},"480":{"start":{"line":1385,"column":17},"end":{"line":1385,"column":50}},"481":{"start":{"line":1386,"column":23},"end":{"line":1386,"column":45}},"482":{"start":{"line":1389,"column":6},"end":{"line":1393,"column":8}},"483":{"start":{"line":1394,"column":6},"end":{"line":1394,"column":26}},"484":{"start":{"line":1395,"column":6},"end":{"line":1395,"column":47}},"485":{"start":{"line":1396,"column":21},"end":{"line":1396,"column":41}},"486":{"start":{"line":1399,"column":6},"end":{"line":1403,"column":8}},"487":{"start":{"line":1404,"column":6},"end":{"line":1409,"column":8}},"488":{"start":{"line":1410,"column":6},"end":{"line":1410,"column":40}},"489":{"start":{"line":1412,"column":6},"end":{"line":1412,"column":12}},"490":{"start":{"line":1416,"column":6},"end":{"line":1416,"column":19}},"491":{"start":{"line":1419,"column":2},"end":{"line":1419,"column":14}},"492":{"start":{"line":1434,"column":2},"end":{"line":1476,"column":3}},"493":{"start":{"line":1437,"column":18},"end":{"line":1441,"column":7}},"494":{"start":{"line":1442,"column":19},"end":{"line":1442,"column":34}},"495":{"start":{"line":1443,"column":17},"end":{"line":1443,"column":50}},"496":{"start":{"line":1444,"column":23},"end":{"line":1444,"column":45}},"497":{"start":{"line":1447,"column":6},"end":{"line":1451,"column":8}},"498":{"start":{"line":1452,"column":6},"end":{"line":1452,"column":26}},"499":{"start":{"line":1453,"column":6},"end":{"line":1453,"column":47}},"500":{"start":{"line":1454,"column":21},"end":{"line":1454,"column":41}},"501":{"start":{"line":1457,"column":6},"end":{"line":1461,"column":8}},"502":{"start":{"line":1462,"column":6},"end":{"line":1467,"column":8}},"503":{"start":{"line":1468,"column":6},"end":{"line":1468,"column":40}},"504":{"start":{"line":1470,"column":6},"end":{"line":1470,"column":12}},"505":{"start":{"line":1475,"column":6},"end":{"line":1475,"column":19}},"506":{"start":{"line":1478,"column":2},"end":{"line":1478,"column":14}},"507":{"start":{"line":1531,"column":2},"end":{"line":1972,"column":3}},"508":{"start":{"line":1534,"column":18},"end":{"line":1539,"column":7}},"509":{"start":{"line":1541,"column":19},"end":{"line":1544,"column":7}},"510":{"start":{"line":1546,"column":17},"end":{"line":1546,"column":50}},"511":{"start":{"line":1547,"column":21},"end":{"line":1547,"column":43}},"512":{"start":{"line":1550,"column":6},"end":{"line":1554,"column":8}},"513":{"start":{"line":1555,"column":6},"end":{"line":1558,"column":8}},"514":{"start":{"line":1560,"column":6},"end":{"line":1560,"column":40}},"515":{"start":{"line":1563,"column":6},"end":{"line":1568,"column":8}},"516":{"start":{"line":1569,"column":6},"end":{"line":1572,"column":8}},"517":{"start":{"line":1574,"column":6},"end":{"line":1574,"column":47}},"518":{"start":{"line":1575,"column":6},"end":{"line":1575,"column":40}},"519":{"start":{"line":1578,"column":6},"end":{"line":1582,"column":8}},"520":{"start":{"line":1583,"column":6},"end":{"line":1586,"column":8}},"521":{"start":{"line":1588,"column":6},"end":{"line":1588,"column":40}},"522":{"start":{"line":1590,"column":6},"end":{"line":1712,"column":7}},"523":{"start":{"line":1604,"column":8},"end":{"line":1711,"column":9}},"524":{"start":{"line":1606,"column":29},"end":{"line":1606,"column":71}},"525":{"start":{"line":1607,"column":28},"end":{"line":1607,"column":68}},"526":{"start":{"line":1608,"column":28},"end":{"line":1608,"column":56}},"527":{"start":{"line":1609,"column":10},"end":{"line":1609,"column":66}},"528":{"start":{"line":1611,"column":31},"end":{"line":1627,"column":9}},"529":{"start":{"line":1628,"column":31},"end":{"line":1639,"column":11}},"530":{"start":{"line":1640,"column":21},"end":{"line":1640,"column":67}},"531":{"start":{"line":1642,"column":28},
[...]
umn":4},"end":{"line":104,"column":5}},{"start":{"line":87,"column":4},"end":{"line":104,"column":5}}],"line":87},"9":{"loc":{"start":{"line":120,"column":4},"end":{"line":147,"column":5}},"type":"if","locations":[{"start":{"line":120,"column":4},"end":{"line":147,"column":5}},{"start":{"line":120,"column":4},"end":{"line":147,"column":5}}],"line":120},"10":{"loc":{"start":{"line":166,"column":8},"end":{"line":199,"column":9}},"type":"if","locations":[{"start":{"line":166,"column":8},"end":{"line":199,"column":9}},{"start":{"line":166,"column":8},"end":{"line":199,"column":9}}],"line":166},"11":{"loc":{"start":{"line":204,"column":2},"end":{"line":240,"column":3}},"type":"if","locations":[{"start":{"line":204,"column":2},"end":{"line":240,"column":3}},{"start":{"line":204,"column":2},"end":{"line":240,"column":3}}],"line":204},"12":{"loc":{"start":{"line":219,"column":6},"end":{"line":226,"column":7}},"type":"if","locations":[{"start":{"line":219,"column":6},"end":{"line":226,"column":7}},{"start":{"line":219,"column":6},"end":{"line":226,"column":7}}],"line":219},"13":{"loc":{"start":{"line":291,"column":6},"end":{"line":293,"column":7}},"type":"if","locations":[{"start":{"line":291,"column":6},"end":{"line":293,"column":7}},{"start":{"line":291,"column":6},"end":{"line":293,"column":7}}],"line":291},"14":{"loc":{"start":{"line":313,"column":8},"end":{"line":383,"column":9}},"type":"if","locations":[{"start":{"line":313,"column":8},"end":{"line":383,"column":9}},{"start":{"line":313,"column":8},"end":{"line":383,"column":9}}],"line":313},"15":{"loc":{"start":{"line":313,"column":12},"end":{"line":314,"column":43}},"type":"binary-expr","locations":[{"start":{"line":313,"column":12},"end":{"line":313,"column":49}},{"start":{"line":314,"column":15},"end":{"line":314,"column":43}}],"line":313},"16":{"loc":{"start":{"line":326,"column":10},"end":{"line":328,"column":11}},"type":"if","locations":[{"start":{"line":326,"column":10},"end":{"line":328,"column":11}},{"start":{"line":326,"column":10},"end":{"line":328,"column":11}}],"line":326},"17":{"loc":{"start":{"line":326,"column":14},"end":{"line":326,"column":72}},"type":"binary-expr","locations":[{"start":{"line":326,"column":14},"end":{"line":326,"column":38}},{"start":{"line":326,"column":42},"end":{"line":326,"column":72}}],"line":326},"18":{"loc":{"start":{"line":329,"column":10},"end":{"line":331,"column":11}},"type":"if","locations":[{"start":{"line":329,"column":10},"end":{"line":331,"column":11}},{"start":{"line":329,"column":10},"end":{"line":331,"column":11}}],"line":329},"19":{"loc":{"start":{"line":332,"column":10},"end":{"line":334,"column":11}},"type":"if","locations":[{"start":{"line":332,"column":10},"end":{"line":334,"column":11}},{"start":{"line":332,"column":10},"end":{"line":334,"column":11}}],"line":332},"20":{"loc":{"start":{"line":335,"column":10},"end":{"line":337,"column":11}},"type":"if","locations":[{"start":{"line":335,"column":10},"end":{"line":337,"column":11}},{"start":{"line":335,"column":10},"end":{"line":337,"column":11}}],"line":335},"21":{"loc":{"start":{"line":338,"column":10},"end":{"line":340,"column":11}},"type":"if","locations":[{"start":{"line":338,"column":10},"end":{"line":340,"column":11}},{"start":{"line":338,"column":10},"end":{"line":340,"column":11}}],"line":338},"22":{"loc":{"start":{"line":338,"column":14},"end":{"line":338,"column":68}},"type":"binary-expr","locations":[{"start":{"line":338,"column":14},"end":{"line":338,"column":39}},{"start":{"line":338,"column":43},"end":{"line":338,"column":68}}],"line":338},"23":{"loc":{"start":{"line":341,"column":10},"end":{"line":343,"column":11}},"type":"if","locations":[{"start":{"line":341,"column":10},"end":{"line":343,"column":11}},{"start":{"line":341,"column":10},"end":{"line":343,"column":11}}],"line":341},"24":{"loc":{"start":{"line":348,"column":10},"end":{"line":376,"column":11}},"type":"switch","locations":[{"start":{"line":349,"column":12},"end":{"line":352,"column":20}},{"start":{"line":353,"column":12},"end":{"line":356,"column":20}},{"start":{"line":357,"column":12},"end":{"line":360,"column":20}},{"start":{"line":361,"column":12},"end":{"line":365,"column":20}},{"start":{"line":366,"column":12},"end":{"line":370,"column":20}},{"start":{"line":371,"column":12},"end":{"line":375,"column":20}}],"line":348},"25":{"loc":{"start":{"line":378,"column":10},"end":{"line":382,"column":11}},"type":"if","locations":[{"start":{"line":378,"column":10},"end":{"line":382,"column":11}},{"start":{"line":378,"column":10},"end":{"line":382,"column":11}}],"line":378},"26":{"loc":{"start":{"line":378,"column":14},"end":{"line":379,"column":50}},"type":"binary-expr","locations":[{"start":{"line":378,"column":14},"end":{"line":378,"column":43}},{"start":{"line":379,"column":17},"end":{"line":379,"column":50}}],"line":378},"27":{"loc":{"start":{"line":389,"column":6},"end":{"line":391,"column":7}},"type":"if","locations":[{"start":{"line":389,"column":6},"end":{"line":391,"column":7}},{"start":{"line":389,"column":6},"end":{"line":391,"column":7}}],"line":389},"28":{"loc":{"start":{"line":402,"column":2},"end":{"line":405,"column":3}},"type":"if","locations":[{"start":{"line":402,"column":2},"end":{"line":405,"column":3}},{"start":{"line":402,"column":2},"end":{"line":405,"column":3}}],"line":402},"29":{"loc":{"start":{"line":402,"column":6},"end":{"line":403,"column":40}},"type":"binary-expr","locations":[{"start":{"line":402,"column":6},"end":{"line":402,"column":44}},{"start":{"line":403,"column":9},"end":{"line":403,"column":40}}],"line":402},"30":{"loc":{"start":{"line":412,"column":2},"end":{"line":422,"column":3}},"type":"if","locations":[{"start":{"line":412,"column":2},"end":{"line":422,"column":3}},{"start":{"line":412,"column":2},"end":{"line":422,"column":3}}],"line":412}},"s":{"0":2,"1":2,"2":2,"3":2,"4":2,"5":2,"6":2,"7":2,"8":2,"9":2,"10":2,"11":2,"12":2,"13":2,"14":0,"15":0,"16":0,"17":0,"18":0,"19":0,"20":0,"21":0,"22":0,"23":0,"24":0,"25":0,"26":0,"27":0,"28":0,"29":0,"30":0,"31":0,"32":0,"33":0,"34":2,"35":0,"36":0,"37":0,"38":0,"39":0,"40":0,"41":0,"42":0,"43":0,"44":0,"45":2,"46":0,"47":0,"48":0,"49":0,"50":0,"51":0,"52":0,"53":0,"54":0,"55":0,"56":0,"57":0,"58":0,"59":0,"60":0,"61":0,"62":2,"63":0,"64":0,"65":0,"66":0,"67":0,"68":0,"69":0,"70":0,"71":0,"72":0,"73":0,"74":0,"75":0,"76":0,"77":0,"78":0,"79":0,"80":0,"81":0,"82":0,"83":2,"84":0,"85":0,"86":0,"87":0,"88":0,"89":0,"90":0,"91":0,"92":0,"93":0,"94":2,"95":0,"96":0,"97":0,"98":0,"99":0,"100":0,"101":0,"102":0,"103":0,"104":0,"105":0,"106":0,"107":0,"108":0,"109":0,"110":0,"111":0,"112":0,"113":0,"114":0,"115":0,"116":0,"117":0,"118":0,"119":0,"120":0,"121":0,"122":0,"123":0,"124":0,"125":0,"126":0,"127":0,"128":0,"129":0,"130":0,"131":0,"132":0,"133":0,"134":0,"135":0,"136":0,"137":0,"138":0,"139":0,"140":0,"141":0,"142":0,"143":0,"144":0,"145":0,"146":0,"147":0,"148":0,"149":0,"150":0,"151":0,"152":0,"153":0,"154":0,"155":0,"156":0,"157":0,"158":0,"159":0,"160":0,"161":0,"162":0,"163":0,"164":0,"165":0,"166":0,"167":0,"168":0,"169":0,"170":0,"171":0,"172":0,"173":0,"174":0,"175":0,"176":0,"177":0,"178":0,"179":0,"180":0,"181":0,"182":0,"183":0,"184":0,"185":0,"186":0,"187":0,"188":0,"189":0,"190":0,"191":0,"192":0,"193":0,"194":0,"195":0,"196":0,"197":0,"198":0,"199":0,"200":0,"201":0,"202":0,"203":0,"204":2},"f":{"0":0,"1":0,"2":0,"3":0,"4":0,"5":0,"6":0,"7":0,"8":0,"9":0,"10":0,"11":0,"12":0,"13":0,"14":0,"15":0,"16":0,"17":0,"18":0},"b":{"0":[0,0],"1":[0,0,0,0],"2":[0,0],"3":[0,0],"4":[0,0],"5":[0,0,0],"6":[0,0],"7":[0,0],"8":[0,0],"9":[0,0],"10":[0,0],"11":[0,0],"12":[0,0],"13":[0,0],"14":[0,0],"15":[0,0],"16":[0,0],"17":[0,0],"18":[0,0],"19":[0,0],"20":[0,0],"21":[0,0],"22":[0,0],"23":[0,0],"24":[0,0,0,0,0,0],"25":[0,0],"26":[0,0],"27":[0,0],"28":[0,0],"29":[0,0],"30":[0,0]},"_coverageSchema":"43e27e138ebf9cfc5966b082cf9a028302ed4184","hash":"a6120785cf47ebf826faa5c2f2ca0567083a402d"}
,"/Users/charles/Documents/irondb/controller/routes/data-entry/update.js": {"path":"/Users/charles/Documents/irondb/controller/routes/data-entry/update.js","statementMap":{"0":{"start":{"line":1,"column":16},"end":{"line":1,"column":48}},"1":{"start":{"line":2,"column":21},"end":{"line":2,"column":53}},"2":{"start":{"line":3,"column":15},"end":{"line":3,"column":48}},"3":{"start":{"line":4,"column":15},"end":{"line":4,"column":27}},"4":{"start":{"line":10,"column":0},"end":{"line":21,"column":3}},"5":{"start":{"line":11,"column":14},"end":{"line":11,"column":22}},"6":{"start":{"line":12,"column":19},"end":{"line":12,"column":36}},"7":{"start":{"line":13,"column":2},"end":{"line":13,"column":19}},"8":{"start":{"line":14,"column":15},"end":{"line":14,"column":55}},"9":{"start":{"line":15,"column":2},"end":{"line":15,"column":34}},"10":{"start":{"line":16,"column":2},"end":{"line":20,"column":3}},"11":{"start":{"line":17,"column":4},"end":{"line":17,"column":34}},"12":{"start":{"line":19,"column":4},"end":{"line":19,"column":32}},"13":{"start":{"line":24,"column":0},"end":{"line":24,"column":24}}},"fnMap":{"0":{"name":"(anonymous_0)","decl":{"start":{"line":10,"column":29},"end":{"line":10,"column":30}},"loc":{"start":{"line":10,"column":55},"end":{"line":21,"column":1}},"line":10}},"branchMap":{"0":{"loc":{"start":{"line":16,"column":2},"end":{"line":20,"column":3}},"type":"if","locations":[{"start":{"line":16,"column":2},"end":{"line":20,"column":3}},{"start":{"line":16,"column":2},"end":{"line":20,"column":3}}],"line":16}},"s":{"0":2,"1":2,"2":2,"3":2,"4":2,"5":0,"6":0,"7":0,"8":0,"9":0,"10":0,"11":0,"12":0,"13":2},"f":{"0":0},"b":{"0":[0,0]},"_coverageSchema":"43e27e138ebf9cfc5966b082cf9a028302ed4184","hash":"2d50e8fcdfee2dcee027cf72f3922e6a93e491e7"}
,"/Users/charles/Documents/irondb/controller/routes/database/meteorite.js": {"path":"/Users/charles/Documents/irondb/controller/routes/database/meteorite.js","statementMap":{"0":{"start":{"line":1,"column":16},"end":{"line":1,"column":54}},"1":{"start":{"line":2,"column":20},"end":{"line":2,"column":42}},"2":{"start":{"line":3,"column":11},"end":{"line":3,"column":30}},"3":{"start":{"line":4,"column":15},"end":{"line":4,"column":48}},"4":{"start":{"line":5,"column":15},"end":{"line":5,"column":27}},"5":{"start":{"line":8,"column":0},"end":{"line":75,"column":3}},"6":{"start":{"line":9,"column":16},"end":{"line":9,"column":18}},"7":{"start":{"line":10,"column":2},"end":{"line":12,"column":3}},"8":{"start":{"line":11,"column":4},"end":{"line":11,"column":44}},"9":{"start":{"line":14,"column":15},"end":{"line":14,"column":17}},"10":{"start":{"line":15,"column":2},"end":{"line":74,"column":3}},"11":{"start":{"line":16,"column":20},"end":{"line":19,"column":5}},"12":{"start":{"line":20,"column":22},"end":{"line":23,"column":5}},"13":{"start":{"line":24,"column":22},"end":{"line":24,"column":72}},"14":{"start":{"line":25,"column":4},"end":{"line":25,"column":79}},"15":{"start":{"line":26,"column":26},"end":{"line":28,"column":5}},"16":{"start":{"line":29,"column":4},"end":{"line":29,"column":69}},"17":{"start":{"line":30,"column":4},"end":{"line":30,"column":59}},"18":{"start":{"line":31,"column":4},"end":{"line":31,"column":67}},"19":{"start":{"line":32,"column":26},"end":{"line":34,"column":5}},"20":{"start":{"line":35,"column":4},"end":{"line":35,"column":69}},"21":{"start":{"line":36,"column":4},"end":{"line":36,"column":78}},"22":{"start":{"line":37,"column":26},"end":{"line":39,"column":5}},"23":{"start":{"line":41,"column":4},"end":{"line":45,"column":7}},"24":{"start":{"line":47,"column":4},"end":{"line":47,"column":27}},"25":{"start":{"line":50,"column":4},"end":{"line":55,"column":7}},"26":{"start":{"line":51,"column":6},"end":{"line":51,"column":68}},"27":{"start":{"line":52,"column":6},"end":{"line":54,"column":7}},"28":{"start":{"line":53,"column":8},"end":{"line":53,"column":72}},"29":{"start":{"line":58,"column":4},"end":{"line":63,"column":7}},"30":{"start":{"line":59,"column":6},"end":{"line":59,"column":64}},"31":{"start":{"line":60,"column":6},"end":{"line":62,"column":7}},"32":{"start":{"line":61,"column":8},"end":{"line":61,"column":68}},"33":{"start":{"line":65,"column":4},"end":{"line":73,"column":7}},"34":{"start":{"line":77,"column":0},"end":{"line":77,"column":24}}},"fnMap":{"0":{"name":"(anonymous_0)","decl":{"start":{"line":8,"column":19},"end":{"line":8,"column":20}},"loc":{"start":{"line":8,"column":45},"end":{"line":75,"column":1}},"line":8},"1":{"name":"(anonymous_1)","decl":{"start":{"line":50,"column":27},"end":{"line":50,"column":28}},"loc":{"start":{"line":50,"column":41},"end":{"line":55,"column":5}},"line":50},"2":{"name":"(anonymous_2)","decl":{"start":{"line":58,"column":27},"end":{"line":58,"column":28}},"loc":{"start":{"line":58,"column":41},"end":{"line":63,"column":5}},"line":58}},"branchMap":{"0":{"loc":{"start":{"line":10,"column":2},"end":{"line":12,"column":3}},"type":"if","locations":[{"start":{"line":10,"column":2},"end":{"line":12,"column":3}},{"start":{"line":10,"column":2},"end":{"line":12,"column":3}}],"line":10},"1":{"loc":{"start":{"line":52,"column":6},"end":{"line":54,"column":7}},"type":"if","locations":[{"start":{"line":52,"column":6},"end":{"line":54,"column":7}},{"start":{"line":52,"column":6},"end":{"line":54,"column":7}}],"line":52},"2":{"loc":{"start":{"line":60,"column":6},"end":{"line":62,"column":7}},"type":"if","locations":[{"start":{"line":60,"column":6},"end":{"line":62,"column":7}},{"start":{"line":60,"column":6},"end":{"line":62,"column":7}}],"line":60}},"s":{"0":2,"1":2,"2":2,"3":2,"4":2,"5":2,"6":0,"7":0,"8":0,"9":0,"10":0,"11":0,"12":0,"13":0,"14":0,"15":0,"16":0,"17":0,"18":0,"19":0,"20":0,"21":0,"22":0,"23":0,"24":0,"25":0,"26":0,"27":0,"28":0,"29":0,"30":0,"31":0,"32":0,"33":0,"34":2},"f":{"0":0,"1":0,"2":0},"b":{"0":[0,0],"1":[0,0],"2":[0,0]},"_coverageSchema":"43e27e138ebf9cfc5966b082cf9a028302ed4184","hash":"49f5f7bb3af4a6f8b82241ef1f03600ec766c13f"}
,"/Users/charles/Documents/irondb/controller/utils/ejs-unit-conversion.js": {"path":"/Users/charles/Documents/irondb/controller/utils/ejs-unit-conversion.js","statementMap":{"0":{"start":{"line":1,"column":0},"end":{"line":14,"column":2}},"1":{"start":{"line":3,"column":4},"end":{"line":3,"column":65}},"2":{"start":{"line":6,"column":4},"end":{"line":6,"column":61}},"3":{"start":{"line":9,"column":4},"end":{"line":9,"column":64}},"4":{"start":{"line":12,"column":4},"end":{"line":12,"column":61}}},"fnMap":{"0":{"name":"(anonymous_0)","decl":{"start":{"line":2,"column":16},"end":{"line":2,"column":17}},"loc":{"start":{"line":2,"column":36},"end":{"line":4,"column":3}},"line":2},"1":{"name":"(anonymous_1)","decl":{"start":{"line":5,"column":12},"end":{"line":5,"column":13}},"loc":{"start":{"line":5,"column":32},"end":{"line":7,"column":3}},"line":5},"2":{"name":"(anonymous_2)","decl":{"start":{"line":8,"column":26},"end":{"line":8,"column":27}},"loc":{"start":{"line":8,"column":46},"end":{"line":10,"column":3}},"line":8},"3":{"name":"(anonymous_3)","decl":{"start":{"line":11,"column":26},"end":{"line":11,"column":27}},"loc":{"start":{"line":11,"column":46},"end":{"line":13,"column":3}},"line":11}},"branchMap":{},"s":{"0":2,"1":0,"2":0,"3":0,"4":0},"f":{"0":0,"1":0,"2":0,"3":0},"b":{},"_coverageSchema":"43e27e138ebf9cfc5966b082cf9a028302ed4184","hash":"3916000729c75b1766126cd645915de05c9303dd"}
,"/Users/charles/Documents/irondb/controller/utils/sigfig.js": {"path":"/Users/charles/Documents/irondb/controller/utils/sigfig.js","statementMap":{"0":{"start":{"line":8,"column":2},"end":{"line":8,"column":37}},"1":{"start":{"line":8,"column":30},"end":{"line":8,"column":37}},"2":{"start":{"line":9,"column":2},"end":{"line":9,"column":37}},"3":{"start":{"line":9,"column":30},"end":{"line":9,"column":37}},"4":{"start":{"line":10,"column":2},"end":{"line":10,"column":39}},"5":{"start":{"line":10,"column":30},"end":{"line":10,"column":39}},"6":{"start":{"line":11,"column":19},"end":{"line":11,"column":33}},"7":{"start":{"line":13,"column":2},"end":{"line":15,"column":5}},"8":{"start":{"line":14,"column":4},"end":{"line":14,"column":43}},"9":{"start":{"line":17,"column":2},"end":{"line":21,"column":4}},"10":{"start":{"line":25,"column":0},"end":{"line":25,"column":29}}},"fnMap":{"0":{"name":"getSigFig","decl":{"start":{"line":7,"column":9},"end":{"line":7,"column":18}},"loc":{"start":{"line":7,"column":24},"end":{"line":22,"column":1}},"line":7},"1":{"name":"(anonymous_1)","decl":{"start":{"line":13,"column":19},"end":{"line":13,"column":20}},"loc":{"start":{"line":13,"column":32},"end":{"line":15,"column":3}},"line":13}},"branchMap":{"0":{"loc":{"start":{"line":8,"column":2},"end":{"line":8,"column":37}},"type":"if","locations":[{"start":{"line":8,"column":2},"end":{"line":8,"column":37}},{"start":{"line":8,"column":2},"end":{"line":8,"column":37}}],"line":8},"1":{"loc":{"start":{"line":9,"column":2},"end":{"line":9,"column":37}},"type":"if","locations":[{"start":{"line":9,"column":2},"end":{"line":9,"column":37}},{"start":{"line":9,"column":2},"end":{"line":9,"column":37}}],"line":9},"2":{"loc":{"start":{"line":10,"column":2},"end":{"line":10,"column":39}},"type":"if","locations":[{"start":{"line":10,"column":2},"end":{"line":10,"column":39}},{"start":{"line":10,"column":2},"end":{"line":10,"column":39}}],"line":10},"3":{"loc":{"start":{"line":18,"column":4},"end":{"line":20,"column":45}},"type":"cond-expr","locations":[{"start":{"line":19,"column":6},"end":{"line":19,"column":24}},{"start":{"line":20,"column":6},"end":{"line":20,"column":45}}],"line":18}},"s":{"0":8,"1":1,"2":7,"3":1,"4":6,"5":1,"6":5,"7":5,"8":8,"9":5,"10":3},"f":{"0":8,"1":8},"b":{"0":[1,7],"1":[1,6],"2":[1,5],"3":[2,3]},"_coverageSchema":"43e27e138ebf9cfc5966b082cf9a028302ed4184","hash":"ffde3f13a8acc91edf437da17590ba456cf91ed1"}
,"/Users/charles/Documents/irondb/controller/utils/unit-conversion.js": {"path":"/Users/charles/Documents/irondb/controller/utils/unit-conversion.js","statementMap":{"0":{"start":{"line":7,"column":2},"end":{"line":7,"column":24}},"1":{"start":{"line":16,"column":2},"end":{"line":16,"column":20}},"2":{"start":{"line":25,"column":2},"end":{"line":25,"column":23}},"3":{"start":{"line":34,"column":2},"end":{"line":34,"column":20}},"4":{"start":{"line":43,"column":2},"end":{"line":43,"column":13}},"5":{"start":{"line":53,"column":2},"end":{"line":53,"column":65}},"6":{"start":{"line":63,"column":2},"end":{"line":63,"column":61}},"7":{"start":{"line":67,"column":0},"end":{"line":75,"column":2}}},"fnMap":{"0":{"name":"percentToPPB","decl":{"start":{"line":6,"column":9},"end":{"line":6,"column":21}},"loc":{"start":{"line":6,"column":29},"end":{"line":8,"column":1}},"line":6},"1":{"name":"ppmToPPB","decl":{"start":{"line":15,"column":9},"end":{"line":15,"column":17}},"loc":{"start":{"line":15,"column":25},"end":{"line":17,"column":1}},"line":15},"2":{"name":"milligramsPerGramToPPB","decl":{"start":{"line":24,"column":9},"end":{"line":24,"column":31}},"loc":{"start":{"line":24,"column":39},"end":{"line":26,"column":1}},"line":24},"3":{"name":"microgramsPerGramToPPB","decl":{"start":{"line":33,"column":9},"end":{"line":33,"column":31}},"loc":{"start":{"line":33,"column":39},"end":{"line":35,"column":1}},"line":33},"4":{"name":"nanogramPerGramToPPB","decl":{"start":{"line":42,"column":9},"end":{"line":42,"column":29}},"loc":{"start":{"line":42,"column":37},"end":{"line":44,"column":1}},"line":42},"5":{"name":"ppbToPercent","decl":{"start":{"line":52,"column":9},"end":{"line":52,"column":21}},"loc":{"start":{"line":52,"column":38},"end":{"line":54,"column":1}},"line":52},"6":{"name":"ppbToPPM","decl":{"start":{"line":62,"column":9},"end":{"line":62,"column":17}},"loc":{"start":{"line":62,"column":34},"end":{"line":64,"column":1}},"line":62}},"branchMap":{},"s":{"0":1,"1":1,"2":1,"3":1,"4":1,"5":1,"6":1,"7":3},"f":{"0":1,"1":1,"2":1,"3":1,"4":1,"5":1,"6":1},"b":{},"_coverageSchema":"43e27e138ebf9cfc5966b082cf9a028302ed4184","hash":"418e14015a87030f4f77dcccb1b14348965c0078"}
}
