TN:
SF:/Users/charles/Documents/irondb/controller/app.js
FN:35,(anonymous_0)
FN:40,(anonymous_1)
FN:50,(anonymous_2)
FN:70,(anonymous_3)
FN:74,(anonymous_4)
FN:79,(anonymous_5)
FN:151,(anonymous_6)
FN:162,(anonymous_7)
FNF:8
FNH:1
FNDA:0,(anonymous_0)
FNDA:0,(anonymous_1)
FNDA:0,(anonymous_2)
FNDA:0,(anonymous_3)
FNDA:0,(anonymous_4)
FNDA:0,(anonymous_5)
FNDA:0,(anonymous_6)
FNDA:1,(anonymous_7)
DA:1,2
DA:2,2
DA:3,2
DA:4,2
DA:5,2
DA:6,2
DA:7,2
DA:8,2
DA:9,2
DA:10,2
DA:12,2
DA:13,2
DA:16,2
DA:17,2
DA:18,2
DA:21,2
DA:24,2
DA:25,2
DA:26,2
DA:29,2
DA:30,2
DA:31,2
DA:32,2
DA:35,2
DA:36,0
DA:42,0
DA:44,0
DA:48,0
DA:49,0
DA:50,0
DA:51,0
DA:53,0
DA:59,0
DA:63,0
DA:70,2
DA:71,0
DA:74,2
DA:75,0
DA:83,0
DA:84,0
DA:85,0
DA:91,0
DA:98,2
DA:101,2
DA:102,2
DA:105,2
DA:106,2
DA:107,2
DA:108,2
DA:109,2
DA:110,2
DA:111,2
DA:113,2
DA:114,2
DA:115,2
DA:127,2
DA:128,2
DA:130,2
DA:133,2
DA:134,2
DA:135,2
DA:136,2
DA:139,2
DA:140,2
DA:141,2
DA:144,2
DA:145,2
DA:146,2
DA:147,2
DA:151,2
DA:152,0
DA:153,0
DA:154,0
DA:158,0
DA:162,2
DA:164,1
DA:165,1
DA:167,1
DA:168,1
DA:172,1
DA:173,1
DA:174,0
DA:178,1
DA:180,1
DA:182,1
DA:185,0
DA:189,2
LF:87
LH:65
BRDA:42,0,0,0
BRDA:42,0,1,0
BRDA:48,1,0,0
BRDA:48,1,1,0
BRDA:51,2,0,0
BRDA:51,2,1,0
BRDA:83,3,0,0
BRDA:83,3,1,0
BRDA:153,4,0,0
BRDA:153,4,1,0
BRDA:165,5,0,1
BRDA:165,5,1,0
BRDA:167,6,0,1
BRDA:167,6,1,0
BRDA:173,7,0,0
BRDA:173,7,1,1
BRDA:178,8,0,1
BRDA:178,8,1,0
BRDA:180,9,0,1
BRDA:180,9,1,0
BRF:20
BRH:5
end_of_record
TN:
SF:/Users/charles/Documents/irondb/controller/db/entry-parser.js
FN:10,getKeys
FN:16,(anonymous_1)
FN:17,(anonymous_2)
FN:20,(anonymous_3)
FN:23,(anonymous_4)
FN:24,(anonymous_5)
FN:27,(anonymous_6)
FN:45,getJournal
FN:70,getPaper
FN:90,getAuthors
FN:97,(anonymous_10)
FN:128,getBodies
FN:135,(anonymous_12)
FN:154,(anonymous_13)
FN:162,(anonymous_14)
FN:207,getNotes
FN:210,(anonymous_16)
FN:224,convertUnitString
FNF:18
FNH:0
FNDA:0,getKeys
FNDA:0,(anonymous_1)
FNDA:0,(anonymous_2)
FNDA:0,(anonymous_3)
FNDA:0,(anonymous_4)
FNDA:0,(anonymous_5)
FNDA:0,(anonymous_6)
FNDA:0,getJournal
FNDA:0,getPaper
FNDA:0,getAuthors
FNDA:0,(anonymous_10)
FNDA:0,getBodies
FNDA:0,(anonymous_12)
FNDA:0,(anonymous_13)
FNDA:0,(anonymous_14)
FNDA:0,getNotes
FNDA:0,(anonymous_16)
FNDA:0,convertUnitString
DA:12,0
DA:16,0
DA:17,0
DA:20,0
DA:23,0
DA:24,0
DA:27,0
DA:29,0
DA:47,0
DA:48,0
DA:49,0
DA:50,0
DA:51,0
DA:54,0
DA:61,0
DA:72,0
DA:73,0
DA:76,0
DA:80,0
DA:92,0
DA:93,0
DA:95,0
DA:97,0
DA:99,0
DA:100,0
DA:102,0
DA:103,0
DA:104,0
DA:105,0
DA:107,0
DA:108,0
DA:110,0
DA:116,0
DA:118,0
DA:130,0
DA:131,0
DA:132,0
DA:134,0
DA:135,0
DA:137,0
DA:138,0
DA:140,0
DA:141,0
DA:142,0
DA:150,0
DA:151,0
DA:153,0
DA:154,0
DA:156,0
DA:157,0
DA:162,0
DA:163,0
DA:164,0
DA:166,0
DA:167,0
DA:168,0
DA:169,0
DA:170,0
DA:172,0
DA:173,0
DA:174,0
DA:175,0
DA:176,0
DA:177,0
DA:178,0
DA:179,0
DA:180,0
DA:183,0
DA:193,0
DA:195,0
DA:197,0
DA:208,0
DA:209,0
DA:210,0
DA:211,0
DA:212,0
DA:214,0
DA:226,0
DA:228,0
DA:229,0
DA:231,0
DA:232,0
DA:234,0
DA:235,0
DA:237,0
DA:238,0
DA:240,0
DA:241,0
DA:243,0
DA:244,0
DA:246,0
DA:248,0
DA:252,2
LF:93
LH:1
BRDA:107,0,0,0
BRDA:107,0,1,0
BRDA:156,1,0,0
BRDA:156,1,1,0
BRDA:169,2,0,0
BRDA:169,2,1,0
BRDA:179,3,0,0
BRDA:179,3,1,0
BRDA:226,4,0,0
BRDA:226,4,1,0
BRDA:226,4,2,0
BRDA:226,4,3,0
BRDA:226,4,4,0
BRDA:226,4,5,0
BRDA:226,4,6,0
BRF:15
BRH:0
end_of_record
TN:
SF:/Users/charles/Documents/irondb/controller/db/index.js
FN:38,(anonymous_0)
FN:40,(anonymous_1)
FN:46,(anonymous_2)
FN:47,(anonymous_3)
FN:48,(anonymous_4)
FNF:5
FNH:1
FNDA:0,(anonymous_0)
FNDA:0,(anonymous_1)
FNDA:1,(anonymous_2)
FNDA:0,(anonymous_3)
FNDA:0,(anonymous_4)
DA:1,2
DA:2,2
DA:5,2
DA:9,2
DA:10,2
DA:11,0
DA:14,2
DA:16,2
DA:24,2
DA:25,0
DA:30,2
DA:37,2
DA:39,0
DA:40,0
DA:41,0
DA:42,0
DA:43,0
DA:46,1
DA:48,0
DA:49,0
LF:20
LH:11
BRDA:10,0,0,0
BRDA:10,0,1,2
BRDA:24,1,0,0
BRDA:24,1,1,2
BRF:4
BRH:2
end_of_record
TN:
SF:/Users/charles/Documents/irondb/controller/db/insert-entry.js
FN:22,insertEntry
FNF:1
FNH:0
FNDA:0,insertEntry
DA:6,2
DA:32,0
DA:33,0
DA:34,0
DA:35,0
DA:36,0
DA:37,0
DA:40,0
DA:46,0
DA:47,0
DA:48,0
DA:49,0
DA:50,0
DA:57,0
DA:63,0
DA:70,0
DA:71,0
DA:76,0
DA:77,0
DA:78,0
DA:79,0
DA:81,0
DA:87,0
DA:89,0
DA:94,0
DA:95,0
DA:99,0
DA:104,0
DA:110,0
DA:115,0
DA:117,0
DA:118,0
DA:119,0
DA:120,0
DA:122,0
DA:128,0
DA:134,0
DA:135,0
DA:136,0
DA:141,0
DA:145,0
DA:152,0
DA:154,0
DA:160,0
DA:166,0
DA:168,0
DA:169,0
DA:175,0
DA:181,0
DA:183,0
DA:184,0
DA:189,0
DA:193,0
DA:196,0
DA:202,0
DA:206,0
DA:208,0
DA:209,0
DA:215,0
DA:221,0
DA:222,0
DA:223,0
DA:228,0
DA:232,0
DA:236,0
DA:238,0
DA:244,0
DA:247,0
DA:249,0
DA:250,0
DA:256,0
DA:262,0
DA:264,0
DA:265,0
DA:270,0
DA:274,0
DA:278,0
DA:284,0
DA:288,0
DA:289,0
DA:290,0
DA:296,0
DA:302,0
DA:304,0
DA:305,0
DA:310,0
DA:314,0
DA:319,0
DA:320,0
DA:326,0
DA:330,0
DA:332,0
DA:333,0
DA:339,0
DA:345,0
DA:347,0
DA:348,0
DA:353,0
DA:357,0
DA:362,0
DA:366,0
DA:367,0
DA:369,0
DA:370,0
DA:372,0
DA:373,0
DA:375,0
DA:376,0
DA:377,0
DA:379,0
DA:381,0
DA:398,0
DA:410,0
DA:412,0
DA:413,0
DA:420,0
DA:426,0
DA:428,0
DA:429,0
DA:434,0
DA:438,0
DA:444,0
DA:445,0
DA:451,0
DA:455,0
DA:457,0
DA:458,0
DA:464,0
DA:470,0
DA:472,0
DA:473,0
DA:478,0
DA:482,0
DA:488,0
DA:492,0
DA:493,0
DA:498,0
DA:499,0
DA:501,0
DA:502,0
DA:503,0
DA:505,0
DA:507,0
DA:510,2
LF:144
LH:2
BRDA:30,0,0,0
BRDA:49,1,0,0
BRDA:49,1,1,0
BRDA:49,2,0,0
BRDA:49,2,1,0
BRDA:78,3,0,0
BRDA:78,3,1,0
BRDA:78,4,0,0
BRDA:78,4,1,0
BRDA:119,5,0,0
BRDA:119,5,1,0
BRDA:119,6,0,0
BRDA:119,6,1,0
BRDA:319,7,0,0
BRDA:319,7,1,0
BRDA:319,8,0,0
BRDA:319,8,1,0
BRDA:369,9,0,0
BRDA:369,9,1,0
BRDA:369,10,0,0
BRDA:369,10,1,0
BRDA:372,11,0,0
BRDA:372,11,1,0
BRDA:376,12,0,0
BRDA:376,12,1,0
BRDA:376,13,0,0
BRDA:376,13,1,0
BRF:27
BRH:0
end_of_record
TN:
SF:/Users/charles/Documents/irondb/controller/db/update-entry.js
FN:13,updateEntry
FN:145,(anonymous_1)
FN:148,(anonymous_2)
FN:216,parseAction
FN:274,validateBasic
FN:388,validateAuthor
FN:511,validateNote
FN:585,validateSingleElementDelete
FN:614,validateElement
FN:731,validateBody
FN:893,execBasic
FN:1052,execAuthor
FN:1282,execNote
FN:1426,execSingleElementDelete
FN:1486,execBody
FN:1734,(anonymous_15)
FNF:16
FNH:0
FNDA:0,updateEntry
FNDA:0,(anonymous_1)
FNDA:0,(anonymous_2)
FNDA:0,parseAction
FNDA:0,validateBasic
FNDA:0,validateAuthor
FNDA:0,validateNote
FNDA:0,validateSingleElementDelete
FNDA:0,validateElement
FNDA:0,validateBody
FNDA:0,execBasic
FNDA:0,execAuthor
FNDA:0,execNote
FNDA:0,execSingleElementDelete
FNDA:0,execBody
FNDA:0,(anonymous_15)
DA:2,2
DA:14,0
DA:15,0
DA:16,0
DA:18,0
DA:19,0
DA:20,0
DA:22,0
DA:23,0
DA:24,0
DA:27,0
DA:28,0
DA:29,0
DA:32,0
DA:33,0
DA:34,0
DA:36,0
DA:37,0
DA:43,0
DA:44,0
DA:45,0
DA:46,0
DA:47,0
DA:51,0
DA:57,0
DA:64,0
DA:65,0
DA:70,0
DA:71,0
DA:72,0
DA:73,0
DA:75,0
DA:81,0
DA:83,0
DA:88,0
DA:89,0
DA:93,0
DA:98,0
DA:104,0
DA:109,0
DA:111,0
DA:112,0
DA:113,0
DA:114,0
DA:117,0
DA:123,0
DA:129,0
DA:130,0
DA:131,0
DA:136,0
DA:140,0
DA:145,0
DA:146,0
DA:147,0
DA:148,0
DA:149,0
DA:154,0
DA:159,0
DA:160,0
DA:163,0
DA:165,0
DA:166,0
DA:167,0
DA:168,0
DA:170,0
DA:171,0
DA:172,0
DA:173,0
DA:179,0
DA:180,0
DA:185,0
DA:186,0
DA:188,0
DA:193,0
DA:194,0
DA:197,0
DA:198,0
DA:201,0
DA:202,0
DA:203,0
DA:205,0
DA:217,0
DA:218,0
DA:219,0
DA:220,0
DA:222,0
DA:223,0
DA:225,0
DA:226,0
DA:229,0
DA:230,0
DA:232,0
DA:233,0
DA:236,0
DA:237,0
DA:239,0
DA:240,0
DA:243,0
DA:244,0
DA:246,0
DA:247,0
DA:251,0
DA:252,0
DA:254,0
DA:255,0
DA:259,0
DA:262,0
DA:289,0
DA:291,0
DA:292,0
DA:293,0
DA:295,0
DA:296,0
DA:297,0
DA:299,0
DA:300,0
DA:301,0
DA:303,0
DA:304,0
DA:305,0
DA:307,0
DA:308,0
DA:309,0
DA:311,0
DA:312,0
DA:313,0
DA:315,0
DA:316,0
DA:317,0
DA:319,0
DA:320,0
DA:321,0
DA:323,0
DA:324,0
DA:325,0
DA:327,0
DA:328,0
DA:329,0
DA:331,0
DA:332,0
DA:333,0
DA:335,0
DA:336,0
DA:337,0
DA:339,0
DA:340,0
DA:341,0
DA:343,0
DA:344,0
DA:345,0
DA:347,0
DA:348,0
DA:349,0
DA:351,0
DA:352,0
DA:353,0
DA:355,0
DA:359,0
DA:360,0
DA:361,0
DA:363,0
DA:364,0
DA:365,0
DA:367,0
DA:368,0
DA:369,0
DA:371,0
DA:372,0
DA:373,0
DA:375,0
DA:379,0
DA:382,0
DA:413,0
DA:415,0
DA:420,0
DA:421,0
DA:423,0
DA:424,0
DA:425,0
DA:427,0
DA:428,0
DA:429,0
DA:431,0
DA:432,0
DA:433,0
DA:435,0
DA:436,0
DA:437,0
DA:439,0
DA:440,0
DA:441,0
DA:443,0
DA:444,0
DA:445,0
DA:447,0
DA:448,0
DA:449,0
DA:451,0
DA:454,0
DA:459,0
DA:460,0
DA:462,0
DA:463,0
DA:464,0
DA:466,0
DA:467,0
DA:468,0
DA:470,0
DA:471,0
DA:472,0
DA:474,0
DA:475,0
DA:476,0
DA:478,0
DA:482,0
DA:483,0
DA:484,0
DA:486,0
DA:487,0
DA:488,0
DA:490,0
DA:491,0
DA:492,0
DA:494,0
DA:495,0
DA:496,0
DA:498,0
DA:502,0
DA:505,0
DA:531,0
DA:533,0
DA:534,0
DA:535,0
DA:537,0
DA:538,0
DA:539,0
DA:541,0
DA:542,0
DA:543,0
DA:545,0
DA:548,0
DA:549,0
DA:550,0
DA:552,0
DA:553,0
DA:554,0
DA:556,0
DA:557,0
DA:558,0
DA:560,0
DA:563,0
DA:564,0
DA:565,0
DA:567,0
DA:568,0
DA:569,0
DA:571,0
DA:574,0
DA:575,0
DA:578,0
DA:592,0
DA:593,0
DA:594,0
DA:595,0
DA:597,0
DA:598,0
DA:599,0
DA:603,0
DA:605,0
DA:606,0
DA:627,0
DA:638,0
DA:643,0
DA:644,0
DA:648,0
DA:649,0
DA:650,0
DA:651,0
DA:654,0
DA:655,0
DA:659,0
DA:660,0
DA:661,0
DA:662,0
DA:663,0
DA:666,0
DA:667,0
DA:671,0
DA:672,0
DA:673,0
DA:677,0
DA:678,0
DA:679,0
DA:680,0
DA:681,0
DA:682,0
DA:686,0
DA:687,0
DA:688,0
DA:689,0
DA:690,0
DA:691,0
DA:695,0
DA:696,0
DA:697,0
DA:698,0
DA:702,0
DA:703,0
DA:707,0
DA:708,0
DA:709,0
DA:710,0
DA:714,0
DA:715,0
DA:720,0
DA:722,0
DA:723,0
DA:775,0
DA:777,0
DA:783,0
DA:784,0
DA:786,0
DA:791,0
DA:792,0
DA:795,0
DA:796,0
DA:797,0
DA:800,0
DA:801,0
DA:802,0
DA:805,0
DA:806,0
DA:807,0
DA:810,0
DA:811,0
DA:812,0
DA:813,0
DA:816,0
DA:820,0
DA:825,0
DA:826,0
DA:829,0
DA:834,0
DA:835,0
DA:838,0
DA:839,0
DA:840,0
DA:843,0
DA:844,0
DA:845,0
DA:848,0
DA:849,0
DA:850,0
DA:851,0
DA:857,0
DA:861,0
DA:862,0
DA:864,0
DA:865,0
DA:866,0
DA:868,0
DA:869,0
DA:870,0
DA:873,0
DA:876,0
DA:877,0
DA:881,0
DA:909,0
DA:911,0
DA:918,0
DA:927,0
DA:928,0
DA:931,0
DA:936,0
DA:941,0
DA:943,0
DA:950,0
DA:956,0
DA:957,0
DA:960,0
DA:965,0
DA:970,0
DA:971,0
DA:976,0
DA:981,0
DA:983,0
DA:984,0
DA:987,0
DA:992,0
DA:993,0
DA:994,0
DA:997,0
DA:1002,0
DA:1009,0
DA:1012,0
DA:1017,0
DA:1019,0
DA:1020,0
DA:1023,0
DA:1028,0
DA:1035,0
DA:1037,0
DA:1041,0
DA:1044,0
DA:1078,0
DA:1080,0
DA:1088,0
DA:1095,0
DA:1096,0
DA:1099,0
DA:1105,0
DA:1110,0
DA:1111,0
DA:1115,0
DA:1122,0
DA:1128,0
DA:1129,0
DA:1132,0
DA:1138,0
DA:1144,0
DA:1146,0
DA:1147,0
DA:1152,0
DA:1156,0
DA:1159,0
DA:1165,0
DA:1169,0
DA:1171,0
DA:1172,0
DA:1178,0
DA:1184,0
DA:1185,0
DA:1186,0
DA:1191,0
DA:1195,0
DA:1199,0
DA:1204,0
DA:1210,0
DA:1214,0
DA:1215,0
DA:1218,0
DA:1223,0
DA:1224,0
DA:1225,0
DA:1228,0
DA:1233,0
DA:1240,0
DA:1243,0
DA:1248,0
DA:1250,0
DA:1251,0
DA:1254,0
DA:1259,0
DA:1266,0
DA:1268,0
DA:1272,0
DA:1274,0
DA:1303,0
DA:1305,0
DA:1312,0
DA:1317,0
DA:1318,0
DA:1321,0
DA:1326,0
DA:1331,0
DA:1332,0
DA:1336,0
DA:1342,0
DA:1346,0
DA:1348,0
DA:1349,0
DA:1355,0
DA:1361,0
DA:1363,0
DA:1364,0
DA:1369,0
DA:1373,0
DA:1374,0
DA:1379,0
DA:1384,0
DA:1385,0
DA:1386,0
DA:1389,0
DA:1394,0
DA:1395,0
DA:1396,0
DA:1399,0
DA:1404,0
DA:1410,0
DA:1412,0
DA:1416,0
DA:1419,0
DA:1434,0
DA:1437,0
DA:1442,0
DA:1443,0
DA:1444,0
DA:1447,0
DA:1452,0
DA:1453,0
DA:1454,0
DA:1457,0
DA:1462,0
DA:1468,0
DA:1470,0
DA:1475,0
DA:1478,0
DA:1531,0
DA:1534,0
DA:1541,0
DA:1546,0
DA:1547,0
DA:1550,0
DA:1555,0
DA:1560,0
DA:1563,0
DA:1569,0
DA:1574,0
DA:1575,0
DA:1578,0
DA:1583,0
DA:1588,0
DA:1590,0
DA:1604,0
DA:1606,0
DA:1607,0
DA:1608,0
DA:1609,0
DA:1611,0
DA:1628,0
DA:1640,0
DA:1642,0
DA:1643,0
DA:1649,0
DA:1655,0
DA:1657,0
DA:1658,0
DA:1663,0
DA:1667,0
DA:1669,0
DA:1684,0
DA:1696,0
DA:1697,0
DA:1700,0
DA:1705,0
DA:1710,0
DA:1714,0
DA:1719,0
DA:1725,0
DA:1728,0
DA:1731,0
DA:1733,0
DA:1734,0
DA:1735,0
DA:1738,0
DA:1744,0
DA:1750,0
DA:1752,0
DA:1753,0
DA:1758,0
DA:1762,0
DA:1765,0
DA:1771,0
DA:1775,0
DA:1776,0
DA:1777,0
DA:1783,0
DA:1789,0
DA:1791,0
DA:1792,0
DA:1797,0
DA:1801,0
DA:1806,0
DA:1808,0
DA:1809,0
DA:1810,0
DA:1811,0
DA:1813,0
DA:1830,0
DA:1842,0
DA:1844,0
DA:1845,0
DA:1851,0
DA:1857,0
DA:1859,0
DA:1860,0
DA:1865,0
DA:1869,0
DA:1872,0
DA:1877,0
DA:1882,0
DA:1883,0
DA:1884,0
DA:1887,0
DA:1892,0
DA:1893,0
DA:1894,0
DA:1897,0
DA:1902,0
DA:1908,0
DA:1911,0
DA:1916,0
DA:1917,0
DA:1918,0
DA:1921,0
DA:1926,0
DA:1932,0
DA:1935,0
DA:1940,0
DA:1942,0
DA:1943,0
DA:1944,0
DA:1949,0
DA:1950,0
DA:1951,0
DA:1952,0
DA:1957,0
DA:1963,0
DA:1966,0
DA:1971,0
DA:1975,2
LF:621
LH:2
BRDA:14,0,0,0
BRDA:14,0,1,0
BRDA:14,1,0,0
BRDA:14,1,1,0
BRDA:18,2,0,0
BRDA:18,2,1,0
BRDA:22,3,0,0
BRDA:22,3,1,0
BRDA:28,4,0,0
BRDA:28,4,1,0
BRDA:28,5,0,0
BRDA:28,5,1,0
BRDA:28,5,2,0
BRDA:36,6,0,0
BRDA:36,6,1,0
BRDA:36,7,0,0
BRDA:36,7,1,0
BRDA:72,8,0,0
BRDA:72,8,1,0
BRDA:72,9,0,0
BRDA:72,9,1,0
BRDA:113,10,0,0
BRDA:113,10,1,0
BRDA:113,11,0,0
BRDA:113,11,1,0
BRDA:147,12,0,0
BRDA:147,12,1,0
BRDA:167,13,0,0
BRDA:167,13,1,0
BRDA:167,14,0,0
BRDA:167,14,1,0
BRDA:171,15,0,0
BRDA:171,15,1,0
BRDA:179,16,0,0
BRDA:179,16,1,0
BRDA:179,17,0,0
BRDA:179,17,1,0
BRDA:218,18,0,0
BRDA:218,18,1,0
BRDA:218,19,0,0
BRDA:218,19,1,0
BRDA:220,20,0,0
BRDA:220,20,1,0
BRDA:220,20,2,0
BRDA:220,20,3,0
BRDA:220,20,4,0
BRDA:220,20,5,0
BRDA:222,21,0,0
BRDA:222,21,1,0
BRDA:229,22,0,0
BRDA:229,22,1,0
BRDA:236,23,0,0
BRDA:236,23,1,0
BRDA:243,24,0,0
BRDA:243,24,1,0
BRDA:251,25,0,0
BRDA:251,25,1,0
BRDA:289,26,0,0
BRDA:289,26,1,0
BRDA:289,26,2,0
BRDA:291,27,0,0
BRDA:291,27,1,0
BRDA:295,28,0,0
BRDA:295,28,1,0
BRDA:299,29,0,0
BRDA:299,29,1,0
BRDA:303,30,0,0
BRDA:303,30,1,0
BRDA:307,31,0,0
BRDA:307,31,1,0
BRDA:311,32,0,0
BRDA:311,32,1,0
BRDA:315,33,0,0
BRDA:315,33,1,0
BRDA:319,34,0,0
BRDA:319,34,1,0
BRDA:323,35,0,0
BRDA:323,35,1,0
BRDA:327,36,0,0
BRDA:327,36,1,0
BRDA:327,37,0,0
BRDA:327,37,1,0
BRDA:331,38,0,0
BRDA:331,38,1,0
BRDA:335,39,0,0
BRDA:335,39,1,0
BRDA:335,40,0,0
BRDA:335,40,1,0
BRDA:339,41,0,0
BRDA:339,41,1,0
BRDA:343,42,0,0
BRDA:343,42,1,0
BRDA:343,43,0,0
BRDA:343,43,1,0
BRDA:347,44,0,0
BRDA:347,44,1,0
BRDA:351,45,0,0
BRDA:351,45,1,0
BRDA:359,46,0,0
BRDA:359,46,1,0
BRDA:363,47,0,0
BRDA:363,47,1,0
BRDA:363,48,0,0
BRDA:363,48,1,0
BRDA:367,49,0,0
BRDA:367,49,1,0
BRDA:371,50,0,0
BRDA:371,50,1,0
BRDA:371,51,0,0
BRDA:371,51,1,0
BRDA:413,52,0,0
BRDA:413,52,1,0
BRDA:413,52,2,0
BRDA:413,52,3,0
BRDA:415,53,0,0
BRDA:415,53,1,0
BRDA:416,54,0,0
BRDA:416,54,1,0
BRDA:416,54,2,0
BRDA:423,55,0,0
BRDA:423,55,1,0
BRDA:423,56,0,0
BRDA:423,56,1,0
BRDA:427,57,0,0
BRDA:427,57,1,0
BRDA:427,58,0,0
BRDA:427,58,1,0
BRDA:431,59,0,0
BRDA:431,59,1,0
BRDA:435,60,0,0
BRDA:435,60,1,0
BRDA:435,61,0,0
BRDA:435,61,1,0
BRDA:439,62,0,0
BRDA:439,62,1,0
BRDA:439,63,0,0
BRDA:439,63,1,0
BRDA:443,64,0,0
BRDA:443,64,1,0
BRDA:447,65,0,0
BRDA:447,65,1,0
BRDA:447,66,0,0
BRDA:447,66,1,0
BRDA:454,67,0,0
BRDA:454,67,1,0
BRDA:455,68,0,0
BRDA:455,68,1,0
BRDA:455,68,2,0
BRDA:462,69,0,0
BRDA:462,69,1,0
BRDA:462,70,0,0
BRDA:462,70,1,0
BRDA:466,71,0,0
BRDA:466,71,1,0
BRDA:466,72,0,0
BRDA:466,72,1,0
BRDA:470,73,0,0
BRDA:470,73,1,0
BRDA:474,74,0,0
BRDA:474,74,1,0
BRDA:474,75,0,0
BRDA:474,75,1,0
BRDA:482,76,0,0
BRDA:482,76,1,0
BRDA:486,77,0,0
BRDA:486,77,1,0
BRDA:486,78,0,0
BRDA:486,78,1,0
BRDA:490,79,0,0
BRDA:490,79,1,0
BRDA:494,80,0,0
BRDA:494,80,1,0
BRDA:494,81,0,0
BRDA:494,81,1,0
BRDA:531,82,0,0
BRDA:531,82,1,0
BRDA:531,82,2,0
BRDA:531,82,3,0
BRDA:533,83,0,0
BRDA:533,83,1,0
BRDA:537,84,0,0
BRDA:537,84,1,0
BRDA:541,85,0,0
BRDA:541,85,1,0
BRDA:541,86,0,0
BRDA:541,86,1,0
BRDA:548,87,0,0
BRDA:548,87,1,0
BRDA:552,88,0,0
BRDA:552,88,1,0
BRDA:552,89,0,0
BRDA:552,89,1,0
BRDA:556,90,0,0
BRDA:556,90,1,0
BRDA:563,91,0,0
BRDA:563,91,1,0
BRDA:567,92,0,0
BRDA:567,92,1,0
BRDA:567,93,0,0
BRDA:567,93,1,0
BRDA:592,94,0,0
BRDA:592,94,1,0
BRDA:593,95,0,0
BRDA:593,95,1,0
BRDA:597,96,0,0
BRDA:597,96,1,0
BRDA:597,97,0,0
BRDA:597,97,1,0
BRDA:627,98,0,0
BRDA:627,98,1,0
BRDA:628,99,0,0
BRDA:628,99,1,0
BRDA:628,99,2,0
BRDA:628,99,3,0
BRDA:628,99,4,0
BRDA:628,99,5,0
BRDA:628,99,6,0
BRDA:628,99,7,0
BRDA:638,100,0,0
BRDA:638,100,1,0
BRDA:639,101,0,0
BRDA:639,101,1,0
BRDA:639,101,2,0
BRDA:648,102,0,0
BRDA:648,102,1,0
BRDA:649,103,0,0
BRDA:649,103,1,0
BRDA:649,104,0,0
BRDA:649,104,1,0
BRDA:660,105,0,0
BRDA:660,105,1,0
BRDA:661,106,0,0
BRDA:661,106,1,0
BRDA:671,107,0,0
BRDA:671,107,1,0
BRDA:677,108,0,0
BRDA:677,108,1,0
BRDA:680,109,0,0
BRDA:680,109,1,0
BRDA:686,110,0,0
BRDA:686,110,1,0
BRDA:689,111,0,0
BRDA:689,111,1,0
BRDA:695,112,0,0
BRDA:695,112,1,0
BRDA:698,113,0,0
BRDA:698,113,1,0
BRDA:699,114,0,0
BRDA:699,114,1,0
BRDA:707,115,0,0
BRDA:707,115,1,0
BRDA:710,116,0,0
BRDA:710,116,1,0
BRDA:711,117,0,0
BRDA:711,117,1,0
BRDA:775,118,0,0
BRDA:775,118,1,0
BRDA:775,118,2,0
BRDA:775,118,3,0
BRDA:777,119,0,0
BRDA:777,119,1,0
BRDA:778,120,0,0
BRDA:778,120,1,0
BRDA:778,120,2,0
BRDA:778,120,3,0
BRDA:786,121,0,0
BRDA:786,121,1,0
BRDA:787,122,0,0
BRDA:787,122,1,0
BRDA:787,122,2,0
BRDA:795,123,0,0
BRDA:795,123,1,0
BRDA:795,124,0,0
BRDA:795,124,1,0
BRDA:800,125,0,0
BRDA:800,125,1,0
BRDA:805,126,0,0
BRDA:805,126,1,0
BRDA:805,127,0,0
BRDA:805,127,1,0
BRDA:805,127,2,0
BRDA:811,128,0,0
BRDA:811,128,1,0
BRDA:820,129,0,0
BRDA:820,129,1,0
BRDA:821,130,0,0
BRDA:821,130,1,0
BRDA:821,130,2,0
BRDA:829,131,0,0
BRDA:829,131,1,0
BRDA:830,132,0,0
BRDA:830,132,1,0
BRDA:830,132,2,0
BRDA:838,133,0,0
BRDA:838,133,1,0
BRDA:838,134,0,0
BRDA:838,134,1,0
BRDA:843,135,0,0
BRDA:843,135,1,0
BRDA:849,136,0,0
BRDA:849,136,1,0
BRDA:857,137,0,0
BRDA:857,137,1,0
BRDA:858,138,0,0
BRDA:858,138,1,0
BRDA:864,139,0,0
BRDA:864,139,1,0
BRDA:864,140,0,0
BRDA:864,140,1,0
BRDA:868,141,0,0
BRDA:868,141,1,0
BRDA:868,142,0,0
BRDA:868,142,1,0
BRDA:909,143,0,0
BRDA:909,143,1,0
BRDA:909,143,2,0
BRDA:1078,144,0,0
BRDA:1078,144,1,0
BRDA:1078,144,2,0
BRDA:1078,144,3,0
BRDA:1303,145,0,0
BRDA:1303,145,1,0
BRDA:1303,145,2,0
BRDA:1303,145,3,0
BRDA:1434,146,0,0
BRDA:1434,146,1,0
BRDA:1531,147,0,0
BRDA:1531,147,1,0
BRDA:1531,147,2,0
BRDA:1531,147,3,0
BRDA:1604,148,0,0
BRDA:1604,148,1,0
BRDA:1733,149,0,0
BRDA:1733,149,1,0
BRDA:1733,150,0,0
BRDA:1733,150,1,0
BRF:336
BRH:0
end_of_record
TN:
SF:/Users/charles/Documents/irondb/controller/middleware/auth.js
FN:5,(anonymous_0)
FN:14,(anonymous_1)
FNF:2
FNH:0
FNDA:0,(anonymous_0)
FNDA:0,(anonymous_1)
DA:1,2
DA:3,2
DA:5,2
DA:7,0
DA:8,0
DA:12,0
DA:16,0
DA:17,0
DA:21,0
LF:9
LH:3
BRDA:7,0,0,0
BRDA:7,0,1,0
BRDA:16,1,0,0
BRDA:16,1,1,0
BRDA:16,2,0,0
BRDA:16,2,1,0
BRF:6
BRH:0
end_of_record
TN:
SF:/Users/charles/Documents/irondb/controller/routes/data-entry.js
FN:39,(anonymous_0)
FN:43,(anonymous_1)
FN:46,(anonymous_2)
FN:59,(anonymous_3)
FN:60,(anonymous_4)
FN:76,(anonymous_5)
FN:90,(anonymous_6)
FN:96,(anonymous_7)
FN:148,(anonymous_8)
FNF:9
FNH:0
FNDA:0,(anonymous_0)
FNDA:0,(anonymous_1)
FNDA:0,(anonymous_2)
FNDA:0,(anonymous_3)
FNDA:0,(anonymous_4)
FNDA:0,(anonymous_5)
FNDA:0,(anonymous_6)
FNDA:0,(anonymous_7)
FNDA:0,(anonymous_8)
DA:1,2
DA:2,2
DA:3,2
DA:4,2
DA:5,2
DA:6,2
DA:7,2
DA:8,2
DA:9,2
DA:10,2
DA:13,2
DA:14,2
DA:16,2
DA:17,2
DA:19,2
DA:20,2
DA:22,2
DA:23,2
DA:25,2
DA:26,2
DA:28,2
DA:29,2
DA:31,2
DA:32,2
DA:34,2
DA:35,2
DA:39,2
DA:40,0
DA:43,2
DA:44,0
DA:45,0
DA:46,0
DA:47,0
DA:48,0
DA:49,0
DA:51,0
DA:52,0
DA:56,0
DA:58,0
DA:59,0
DA:60,0
DA:61,0
DA:63,0
DA:65,0
DA:66,0
DA:70,0
DA:76,0
DA:77,0
DA:78,0
DA:81,0
DA:82,0
DA:89,0
DA:91,0
DA:92,0
DA:93,0
DA:96,0
DA:97,0
DA:98,0
DA:99,0
DA:106,0
DA:114,0
DA:115,0
DA:118,0
DA:119,0
DA:120,0
DA:122,0
DA:124,0
DA:126,0
DA:128,0
DA:142,0
DA:148,2
DA:149,0
DA:150,0
DA:151,0
DA:152,0
DA:154,0
DA:156,0
DA:158,0
DA:168,2
LF:79
LH:30
BRDA:47,0,0,0
BRDA:47,0,1,0
BRDA:48,1,0,0
BRDA:48,1,1,0
BRDA:61,2,0,0
BRDA:61,2,1,0
BRDA:65,3,0,0
BRDA:65,3,1,0
BRDA:77,4,0,0
BRDA:77,4,1,0
BRDA:92,5,0,0
BRDA:92,5,1,0
BRDA:92,6,0,0
BRDA:92,6,1,0
BRDA:97,7,0,0
BRDA:97,7,1,0
BRF:16
BRH:0
end_of_record
TN:
SF:/Users/charles/Documents/irondb/controller/routes/database.js
FN:16,(anonymous_0)
FN:41,(anonymous_1)
FN:235,(anonymous_2)
FN:319,(anonymous_3)
FN:320,(anonymous_4)
FN:321,(anonymous_5)
FN:331,(anonymous_6)
FN:350,(anonymous_7)
FN:354,(anonymous_8)
FN:358,(anonymous_9)
FN:383,(anonymous_10)
FN:483,(anonymous_11)
FN:484,(anonymous_12)
FN:485,(anonymous_13)
FN:520,(anonymous_14)
FN:538,(anonymous_15)
FN:551,(anonymous_16)
FNF:17
FNH:0
FNDA:0,(anonymous_0)
FNDA:0,(anonymous_1)
FNDA:0,(anonymous_2)
FNDA:0,(anonymous_3)
FNDA:0,(anonymous_4)
FNDA:0,(anonymous_5)
FNDA:0,(anonymous_6)
FNDA:0,(anonymous_7)
FNDA:0,(anonymous_8)
FNDA:0,(anonymous_9)
FNDA:0,(anonymous_10)
FNDA:0,(anonymous_11)
FNDA:0,(anonymous_12)
FNDA:0,(anonymous_13)
FNDA:0,(anonymous_14)
FNDA:0,(anonymous_15)
FNDA:0,(anonymous_16)
DA:1,2
DA:2,2
DA:3,2
DA:4,2
DA:5,2
DA:6,2
DA:7,2
DA:8,2
DA:9,2
DA:12,2
DA:13,2
DA:16,2
DA:17,0
DA:18,0
DA:19,0
DA:20,0
DA:24,0
DA:25,0
DA:27,0
DA:29,0
DA:41,2
DA:42,0
DA:44,0
DA:45,0
DA:46,0
DA:48,0
DA:49,0
DA:50,0
DA:51,0
DA:54,0
DA:55,0
DA:56,0
DA:57,0
DA:60,0
DA:61,0
DA:62,0
DA:63,0
DA:66,0
DA:67,0
DA:69,0
DA:70,0
DA:76,0
DA:78,0
DA:79,0
DA:80,0
DA:83,0
DA:84,0
DA:85,0
DA:86,0
DA:89,0
DA:90,0
DA:91,0
DA:92,0
DA:95,0
DA:96,0
DA:98,0
DA:100,0
DA:102,0
DA:103,0
DA:105,0
DA:106,0
DA:108,0
DA:109,0
DA:112,0
DA:113,0
DA:116,0
DA:117,0
DA:118,0
DA:120,0
DA:121,0
DA:123,0
DA:124,0
DA:127,0
DA:128,0
DA:129,0
DA:130,0
DA:131,0
DA:133,0
DA:136,0
DA:137,0
DA:138,0
DA:140,0
DA:142,0
DA:144,0
DA:145,0
DA:147,0
DA:148,0
DA:150,0
DA:151,0
DA:154,0
DA:156,0
DA:157,0
DA:158,0
DA:159,0
DA:163,0
DA:164,0
DA:165,0
DA:166,0
DA:168,0
DA:170,0
DA:172,0
DA:174,0
DA:181,0
DA:182,0
DA:183,0
DA:185,0
DA:186,0
DA:187,0
DA:188,0
DA:191,0
DA:192,0
DA:194,0
DA:195,0
DA:198,0
DA:199,0
DA:200,0
DA:201,0
DA:204,0
DA:205,0
DA:206,0
DA:207,0
DA:210,0
DA:211,0
DA:212,0
DA:213,0
DA:217,0
DA:218,0
DA:220,0
DA:222,0
DA:235,2
DA:236,0
DA:237,0
DA:238,0
DA:239,0
DA:240,0
DA:244,0
DA:248,0
DA:252,0
DA:254,0
DA:256,0
DA:257,0
DA:258,0
DA:260,0
DA:261,0
DA:264,0
DA:265,0
DA:266,0
DA:267,0
DA:268,0
DA:269,0
DA:270,0
DA:271,0
DA:274,0
DA:276,0
DA:278,0
DA:279,0
DA:280,0
DA:281,0
DA:282,0
DA:285,0
DA:286,0
DA:291,0
DA:292,0
DA:293,0
DA:294,0
DA:295,0
DA:296,0
DA:297,0
DA:300,0
DA:301,0
DA:303,0
DA:304,0
DA:305,0
DA:306,0
DA:309,0
DA:310,0
DA:315,0
DA:319,0
DA:320,0
DA:321,0
DA:331,2
DA:332,0
DA:334,0
DA:335,0
DA:336,0
DA:338,0
DA:339,0
DA:340,0
DA:341,0
DA:344,0
DA:347,0
DA:349,0
DA:350,0
DA:351,0
DA:353,0
DA:354,0
DA:355,0
DA:358,0
DA:359,0
DA:364,0
DA:367,0
DA:369,0
DA:373,0
DA:374,0
DA:375,0
DA:377,0
DA:379,0
DA:380,0
DA:383,0
DA:384,0
DA:385,0
DA:387,0
DA:389,0
DA:391,0
DA:396,0
DA:397,0
DA:399,0
DA:402,0
DA:405,0
DA:409,0
DA:410,0
DA:411,0
DA:412,0
DA:413,0
DA:414,0
DA:415,0
DA:416,0
DA:418,0
DA:420,0
DA:421,0
DA:422,0
DA:424,0
DA:425,0
DA:428,0
DA:429,0
DA:430,0
DA:431,0
DA:432,0
DA:433,0
DA:434,0
DA:435,0
DA:438,0
DA:440,0
DA:442,0
DA:443,0
DA:444,0
DA:445,0
DA:446,0
DA:449,0
DA:450,0
DA:455,0
DA:456,0
DA:457,0
DA:458,0
DA:459,0
DA:460,0
DA:461,0
DA:464,0
DA:465,0
DA:467,0
DA:468,0
DA:469,0
DA:470,0
DA:473,0
DA:474,0
DA:479,0
DA:483,0
DA:484,0
DA:485,0
DA:520,2
DA:521,0
DA:522,0
DA:523,0
DA:527,0
DA:529,0
DA:531,0
DA:538,2
DA:539,0
DA:540,0
DA:541,0
DA:542,0
DA:544,0
DA:546,0
DA:551,2
DA:552,0
DA:553,0
DA:554,0
DA:558,0
DA:560,0
DA:562,0
DA:566,2
LF:291
LH:19
BRDA:42,0,0,0
BRDA:42,0,1,0
BRDA:48,1,0,0
BRDA:48,1,1,0
BRDA:54,2,0,0
BRDA:54,2,1,0
BRDA:60,3,0,0
BRDA:60,3,1,0
BRDA:66,4,0,0
BRDA:66,4,1,0
BRDA:76,5,0,0
BRDA:76,5,1,0
BRDA:76,6,0,0
BRDA:76,6,1,0
BRDA:83,7,0,0
BRDA:83,7,1,0
BRDA:83,8,0,0
BRDA:83,8,1,0
BRDA:89,9,0,0
BRDA:89,9,1,0
BRDA:89,10,0,0
BRDA:89,10,1,0
BRDA:95,11,0,0
BRDA:95,11,1,0
BRDA:95,12,0,0
BRDA:95,12,1,0
BRDA:100,13,0,0
BRDA:100,13,1,0
BRDA:100,13,2,0
BRDA:117,14,0,0
BRDA:117,14,1,0
BRDA:117,15,0,0
BRDA:117,15,1,0
BRDA:120,16,0,0
BRDA:120,16,1,0
BRDA:120,17,0,0
BRDA:120,17,1,0
BRDA:123,18,0,0
BRDA:123,18,1,0
BRDA:123,19,0,0
BRDA:123,19,1,0
BRDA:127,20,0,0
BRDA:127,20,1,0
BRDA:129,21,0,0
BRDA:129,21,1,0
BRDA:137,22,0,0
BRDA:137,22,1,0
BRDA:142,23,0,0
BRDA:142,23,1,0
BRDA:142,23,2,0
BRDA:170,24,0,0
BRDA:170,24,1,0
BRDA:185,25,0,0
BRDA:185,25,1,0
BRDA:191,26,0,0
BRDA:191,26,1,0
BRDA:198,27,0,0
BRDA:198,27,1,0
BRDA:204,28,0,0
BRDA:204,28,1,0
BRDA:269,29,0,0
BRDA:269,29,1,0
BRDA:274,30,0,0
BRDA:274,30,1,0
BRDA:274,31,0,0
BRDA:274,31,1,0
BRDA:285,32,0,0
BRDA:285,32,1,0
BRDA:296,33,0,0
BRDA:296,33,1,0
BRDA:300,34,0,0
BRDA:300,34,1,0
BRDA:309,35,0,0
BRDA:309,35,1,0
BRDA:332,36,0,0
BRDA:332,36,1,0
BRDA:351,37,0,0
BRDA:351,37,1,0
BRDA:355,38,0,0
BRDA:355,38,1,0
BRDA:359,39,0,0
BRDA:359,39,1,0
BRDA:367,40,0,0
BRDA:367,40,1,0
BRDA:377,41,0,0
BRDA:377,41,1,0
BRDA:385,42,0,0
BRDA:385,42,1,0
BRDA:433,43,0,0
BRDA:433,43,1,0
BRDA:438,44,0,0
BRDA:438,44,1,0
BRDA:438,45,0,0
BRDA:438,45,1,0
BRDA:449,46,0,0
BRDA:449,46,1,0
BRDA:460,47,0,0
BRDA:460,47,1,0
BRDA:464,48,0,0
BRDA:464,48,1,0
BRDA:473,49,0,0
BRDA:473,49,1,0
BRF:102
BRH:0
end_of_record
TN:
SF:/Users/charles/Documents/irondb/controller/routes/example.js
FN:11,(anonymous_0)
FN:19,(anonymous_1)
FN:31,(anonymous_2)
FN:35,(anonymous_3)
FNF:4
FNH:0
FNDA:0,(anonymous_0)
FNDA:0,(anonymous_1)
FNDA:0,(anonymous_2)
FNDA:0,(anonymous_3)
DA:1,2
DA:3,2
DA:4,2
DA:6,2
DA:11,2
DA:12,0
DA:13,0
DA:14,0
DA:15,0
DA:17,0
DA:19,0
DA:20,0
DA:21,0
DA:23,0
DA:27,0
DA:31,2
DA:32,0
DA:35,2
DA:36,0
DA:39,2
LF:20
LH:8
BRDA:17,0,0,0
BRDA:17,0,1,0
BRDA:20,1,0,0
BRDA:20,1,1,0
BRF:4
BRH:0
end_of_record
TN:
SF:/Users/charles/Documents/irondb/controller/routes/help.js
FN:6,(anonymous_0)
FNF:1
FNH:0
FNDA:0,(anonymous_0)
DA:1,2
DA:3,2
DA:6,2
DA:8,0
DA:9,0
DA:10,0
DA:12,0
DA:15,2
LF:8
LH:4
BRDA:9,0,0,0
BRDA:9,0,1,0
BRF:2
BRH:0
end_of_record
TN:
SF:/Users/charles/Documents/irondb/controller/routes/index.js
FN:7,(anonymous_0)
FNF:1
FNH:1
FNDA:1,(anonymous_0)
DA:1,2
DA:2,2
DA:3,2
DA:4,2
DA:7,2
DA:8,1
DA:9,1
DA:10,1
DA:14,1
DA:16,1
DA:18,1
DA:26,2
LF:12
LH:12
BRF:0
BRH:0
end_of_record
TN:
SF:/Users/charles/Documents/irondb/controller/routes/login.js
FN:7,(anonymous_0)
FN:42,(anonymous_1)
FNF:2
FNH:0
FNDA:0,(anonymous_0)
FNDA:0,(anonymous_1)
DA:1,2
DA:3,2
DA:4,2
DA:7,2
DA:8,0
DA:9,0
DA:11,0
DA:16,0
DA:18,0
DA:23,0
DA:24,0
DA:25,0
DA:31,0
DA:39,2
DA:44,2
LF:15
LH:6
BRDA:9,0,0,0
BRDA:9,0,1,0
BRDA:9,1,0,0
BRDA:9,1,1,0
BRDA:16,2,0,0
BRDA:16,2,1,0
BRDA:16,3,0,0
BRDA:16,3,1,0
BRDA:23,4,0,0
BRDA:23,4,1,0
BRF:10
BRH:0
end_of_record
TN:
SF:/Users/charles/Documents/irondb/controller/routes/logout.js
FN:5,(anonymous_0)
FN:7,(anonymous_1)
FNF:2
FNH:0
FNDA:0,(anonymous_0)
FNDA:0,(anonymous_1)
DA:1,2
DA:3,2
DA:5,2
DA:6,0
DA:7,0
DA:8,0
DA:12,2
LF:7
LH:4
BRF:0
BRH:0
end_of_record
TN:
SF:/Users/charles/Documents/irondb/controller/routes/panel.js
FN:8,(anonymous_0)
FN:17,(anonymous_1)
FN:43,(anonymous_2)
FN:68,(anonymous_3)
FN:83,(anonymous_4)
FNF:5
FNH:0
FNDA:0,(anonymous_0)
FNDA:0,(anonymous_1)
FNDA:0,(anonymous_2)
FNDA:0,(anonymous_3)
FNDA:0,(anonymous_4)
DA:1,2
DA:3,2
DA:4,2
DA:5,2
DA:6,2
DA:8,2
DA:9,0
DA:10,0
DA:12,0
DA:17,2
DA:18,0
DA:19,0
DA:20,0
DA:22,0
DA:24,0
DA:25,0
DA:26,0
DA:28,0
DA:30,0
DA:43,2
DA:44,0
DA:45,0
DA:46,0
DA:48,0
DA:49,0
DA:53,0
DA:55,0
DA:57,0
DA:68,2
DA:69,0
DA:70,0
DA:71,0
DA:72,0
DA:73,0
DA:75,0
DA:77,0
DA:83,2
DA:84,0
DA:85,0
DA:86,0
DA:88,0
DA:89,0
DA:90,0
DA:91,0
DA:93,0
DA:94,0
DA:96,0
DA:98,0
DA:102,2
LF:49
LH:11
BRDA:9,0,0,0
BRDA:9,0,1,0
BRF:2
BRH:0
end_of_record
TN:
SF:/Users/charles/Documents/irondb/controller/routes/register.js
FN:10,(anonymous_0)
FN:40,(anonymous_1)
FN:44,(anonymous_2)
FN:45,(anonymous_3)
FN:46,(anonymous_4)
FN:50,(anonymous_5)
FN:53,(anonymous_6)
FN:65,(anonymous_7)
FN:69,(anonymous_8)
FN:72,(anonymous_9)
FN:86,(anonymous_10)
FN:99,(anonymous_11)
FN:100,(anonymous_12)
FN:139,(anonymous_13)
FN:161,(anonymous_14)
FN:177,(anonymous_15)
FN:181,(anonymous_16)
FNF:17
FNH:0
FNDA:0,(anonymous_0)
FNDA:0,(anonymous_1)
FNDA:0,(anonymous_2)
FNDA:0,(anonymous_3)
FNDA:0,(anonymous_4)
FNDA:0,(anonymous_5)
FNDA:0,(anonymous_6)
FNDA:0,(anonymous_7)
FNDA:0,(anonymous_8)
FNDA:0,(anonymous_9)
FNDA:0,(anonymous_10)
FNDA:0,(anonymous_11)
FNDA:0,(anonymous_12)
FNDA:0,(anonymous_13)
FNDA:0,(anonymous_14)
FNDA:0,(anonymous_15)
FNDA:0,(anonymous_16)
DA:1,2
DA:3,2
DA:4,2
DA:5,2
DA:6,2
DA:7,2
DA:10,2
DA:12,0
DA:13,0
DA:14,0
DA:16,0
DA:17,0
DA:18,0
DA:19,0
DA:21,0
DA:24,0
DA:25,0
DA:27,0
DA:30,0
DA:40,2
DA:41,0
DA:43,0
DA:44,0
DA:45,0
DA:46,0
DA:48,0
DA:49,0
DA:50,0
DA:51,0
DA:52,0
DA:53,0
DA:54,0
DA:55,0
DA:58,0
DA:59,0
DA:62,0
DA:65,0
DA:66,0
DA:67,0
DA:70,0
DA:72,0
DA:73,0
DA:74,0
DA:76,0
DA:77,0
DA:86,2
DA:87,0
DA:88,0
DA:89,0
DA:90,0
DA:93,0
DA:94,0
DA:95,0
DA:98,0
DA:99,0
DA:100,0
DA:101,0
DA:102,0
DA:105,0
DA:108,0
DA:110,0
DA:113,0
DA:114,0
DA:116,0
DA:118,0
DA:120,0
DA:121,0
DA:122,0
DA:124,0
DA:125,0
DA:126,0
DA:127,0
DA:128,0
DA:129,0
DA:131,0
DA:132,0
DA:134,0
DA:136,0
DA:139,2
DA:140,0
DA:141,0
DA:142,0
DA:143,0
DA:144,0
DA:146,0
DA:149,0
DA:150,0
DA:151,0
DA:153,0
DA:154,0
DA:155,0
DA:161,2
DA:162,0
DA:163,0
DA:165,0
DA:166,0
DA:168,0
DA:170,0
DA:171,0
DA:172,0
DA:173,0
DA:177,2
DA:179,0
DA:180,0
DA:181,0
DA:182,0
DA:186,2
LF:107
LH:13
BRDA:13,0,0,0
BRDA:13,0,1,0
BRDA:25,1,0,0
BRDA:25,1,1,0
BRDA:25,2,0,0
BRDA:25,2,1,0
BRDA:51,3,0,0
BRDA:51,3,1,0
BRDA:54,4,0,0
BRDA:54,4,1,0
BRDA:66,5,0,0
BRDA:66,5,1,0
BRDA:70,6,0,0
BRDA:70,6,1,0
BRDA:73,7,0,0
BRDA:73,7,1,0
BRDA:101,8,0,0
BRDA:101,8,1,0
BRF:18
BRH:0
end_of_record
TN:
SF:/Users/charles/Documents/irondb/controller/routes/user-management.js
FN:8,(anonymous_0)
FN:23,(anonymous_1)
FNF:2
FNH:0
FNDA:0,(anonymous_0)
FNDA:0,(anonymous_1)
DA:2,2
DA:3,2
DA:4,2
DA:5,2
DA:6,2
DA:8,2
DA:9,0
DA:10,0
DA:11,0
DA:12,0
DA:14,0
DA:16,0
DA:23,2
DA:24,0
DA:26,0
DA:27,0
DA:29,0
DA:30,0
DA:31,0
DA:32,0
DA:33,0
DA:36,0
DA:37,0
DA:39,0
DA:41,0
DA:44,2
LF:26
LH:8
BRF:0
BRH:0
end_of_record
TN:
SF:/Users/charles/Documents/irondb/controller/routes/user-profile.js
FN:11,(anonymous_0)
FN:26,(anonymous_1)
FN:47,(anonymous_2)
FN:48,(anonymous_3)
FNF:4
FNH:0
FNDA:0,(anonymous_0)
FNDA:0,(anonymous_1)
FNDA:0,(anonymous_2)
FNDA:0,(anonymous_3)
DA:1,2
DA:3,2
DA:4,2
DA:5,2
DA:6,2
DA:7,2
DA:11,2
DA:12,0
DA:13,0
DA:14,0
DA:16,0
DA:17,0
DA:19,0
DA:21,0
DA:26,2
DA:27,0
DA:31,0
DA:32,0
DA:34,0
DA:35,0
DA:38,0
DA:39,0
DA:40,0
DA:43,0
DA:45,0
DA:46,0
DA:47,0
DA:48,0
DA:49,0
DA:50,0
DA:53,0
DA:57,0
DA:58,0
DA:60,0
DA:62,0
DA:63,0
DA:64,0
DA:67,0
DA:68,0
DA:69,0
DA:72,0
DA:73,0
DA:74,0
DA:75,0
DA:78,0
DA:79,0
DA:81,0
DA:83,0
DA:86,2
LF:49
LH:9
BRDA:43,0,0,0
BRDA:43,0,1,0
BRDA:49,1,0,0
BRDA:49,1,1,0
BRDA:72,2,0,0
BRDA:72,2,1,0
BRF:6
BRH:0
end_of_record
TN:
SF:/Users/charles/Documents/irondb/controller/routes/data-entry/approve.js
FN:10,(anonymous_0)
FN:14,(anonymous_1)
FN:175,(anonymous_2)
FN:395,(anonymous_3)
FNF:4
FNH:0
FNDA:0,(anonymous_0)
FNDA:0,(anonymous_1)
FNDA:0,(anonymous_2)
FNDA:0,(anonymous_3)
DA:1,2
DA:2,2
DA:3,2
DA:4,2
DA:5,2
DA:6,2
DA:7,2
DA:8,2
DA:10,2
DA:11,0
DA:14,2
DA:16,0
DA:17,0
DA:18,0
DA:19,0
DA:20,0
DA:21,0
DA:24,0
DA:25,0
DA:29,0
DA:33,0
DA:35,0
DA:37,0
DA:40,0
DA:46,0
DA:47,0
DA:48,0
DA:49,0
DA:51,0
DA:55,0
DA:57,0
DA:58,0
DA:59,0
DA:67,0
DA:74,0
DA:82,0
DA:100,0
DA:108,0
DA:116,0
DA:132,0
DA:141,0
DA:145,0
DA:147,0
DA:163,0
DA:175,2
DA:176,0
DA:178,0
DA:179,0
DA:180,0
DA:182,0
DA:184,0
DA:187,0
DA:189,0
DA:192,0
DA:194,0
DA:195,0
DA:196,0
DA:197,0
DA:198,0
DA:200,0
DA:201,0
DA:206,0
DA:208,0
DA:212,0
DA:215,0
DA:216,0
DA:219,0
DA:221,0
DA:222,0
DA:223,0
DA:224,0
DA:225,0
DA:227,0
DA:228,0
DA:233,0
DA:235,0
DA:239,0
DA:242,0
DA:243,0
DA:246,0
DA:248,0
DA:249,0
DA:250,0
DA:251,0
DA:252,0
DA:254,0
DA:255,0
DA:260,0
DA:262,0
DA:266,0
DA:269,0
DA:270,0
DA:271,0
DA:272,0
DA:273,0
DA:275,0
DA:276,0
DA:281,0
DA:283,0
DA:287,0
DA:290,0
DA:291,0
DA:292,0
DA:293,0
DA:294,0
DA:296,0
DA:297,0
DA:302,0
DA:304,0
DA:308,0
DA:312,0
DA:317,0
DA:318,0
DA:320,0
DA:325,0
DA:330,0
DA:335,0
DA:340,0
DA:345,0
DA:350,0
DA:355,0
DA:360,0
DA:364,0
DA:369,0
DA:370,0
DA:371,0
DA:372,0
DA:373,0
DA:374,0
DA:375,0
DA:376,0
DA:377,0
DA:378,0
DA:380,0
DA:381,0
DA:382,0
DA:384,0
DA:385,0
DA:389,0
DA:390,0
DA:391,0
DA:392,0
DA:393,0
DA:394,0
DA:395,0
DA:396,0
DA:398,0
DA:401,0
DA:403,0
DA:404,0
DA:405,0
DA:406,0
DA:408,0
DA:409,0
DA:414,0
DA:418,0
DA:421,0
DA:423,0
DA:424,0
DA:425,0
DA:426,0
DA:428,0
DA:429,0
DA:434,0
DA:438,0
DA:440,0
DA:446,0
DA:454,2
LF:168
LH:12
BRDA:40,0,0,0
BRDA:40,0,1,0
BRDA:40,1,0,0
BRDA:40,1,1,0
BRDA:40,1,2,0
BRDA:40,1,3,0
BRDA:40,1,4,0
BRDA:55,2,0,0
BRDA:55,2,1,0
BRDA:55,3,0,0
BRDA:55,3,1,0
BRDA:182,4,0,0
BRDA:182,4,1,0
BRDA:182,4,2,0
BRDA:182,4,3,0
BRDA:182,4,4,0
BRDA:182,4,5,0
BRDA:381,5,0,0
BRDA:381,5,1,0
BRDA:391,6,0,0
BRDA:391,6,1,0
BRDA:391,7,0,0
BRDA:391,7,1,0
BRDA:396,8,0,0
BRDA:396,8,1,0
BRF:25
BRH:0
end_of_record
TN:
SF:/Users/charles/Documents/irondb/controller/routes/data-entry/delete.js
FN:11,(anonymous_0)
FN:57,(anonymous_1)
FN:67,(anonymous_2)
FN:77,(anonymous_3)
FN:87,(anonymous_4)
FN:96,(anonymous_5)
FNF:6
FNH:0
FNDA:0,(anonymous_0)
FNDA:0,(anonymous_1)
FNDA:0,(anonymous_2)
FNDA:0,(anonymous_3)
FNDA:0,(anonymous_4)
FNDA:0,(anonymous_5)
DA:1,2
DA:2,2
DA:3,2
DA:4,2
DA:5,2
DA:11,2
DA:13,0
DA:14,0
DA:17,0
DA:18,0
DA:19,0
DA:21,0
DA:27,0
DA:33,0
DA:39,0
DA:43,0
DA:47,0
DA:49,0
DA:52,0
DA:53,0
DA:54,0
DA:57,0
DA:58,0
DA:59,0
DA:60,0
DA:61,0
DA:62,0
DA:63,0
DA:67,0
DA:68,0
DA:69,0
DA:70,0
DA:71,0
DA:72,0
DA:73,0
DA:77,0
DA:78,0
DA:79,0
DA:80,0
DA:81,0
DA:82,0
DA:83,0
DA:87,0
DA:88,0
DA:89,0
DA:90,0
DA:91,0
DA:92,0
DA:96,0
DA:97,0
DA:98,0
DA:99,0
DA:100,0
DA:101,0
DA:104,0
DA:105,0
DA:108,0
DA:109,0
DA:110,0
DA:111,0
DA:112,0
DA:114,0
DA:119,2
LF:63
LH:7
BRDA:13,0,0,0
BRDA:13,0,1,0
BRDA:111,1,0,0
BRDA:111,1,1,0
BRF:4
BRH:0
end_of_record
TN:
SF:/Users/charles/Documents/irondb/controller/routes/data-entry/edit.js
FN:9,(anonymous_0)
FN:13,(anonymous_1)
FN:123,(anonymous_2)
FNF:3
FNH:0
FNDA:0,(anonymous_0)
FNDA:0,(anonymous_1)
FNDA:0,(anonymous_2)
DA:1,2
DA:2,2
DA:3,2
DA:4,2
DA:5,2
DA:6,2
DA:7,2
DA:9,2
DA:10,0
DA:13,2
DA:15,0
DA:16,0
DA:18,0
DA:20,0
DA:22,0
DA:23,0
DA:24,0
DA:26,0
DA:30,0
DA:38,0
DA:45,0
DA:54,0
DA:61,0
DA:69,0
DA:77,0
DA:85,0
DA:90,0
DA:92,0
DA:98,0
DA:100,0
DA:102,0
DA:105,0
DA:123,2
DA:124,0
DA:125,0
DA:126,0
DA:127,0
DA:128,0
DA:129,0
DA:130,0
DA:131,0
DA:135,0
DA:138,2
LF:43
LH:11
BRDA:92,0,0,0
BRDA:92,0,1,0
BRDA:92,1,0,0
BRDA:92,1,1,0
BRDA:92,1,2,0
BRDA:92,1,3,0
BRDA:92,1,4,0
BRDA:127,2,0,0
BRDA:127,2,1,0
BRF:9
BRH:0
end_of_record
TN:
SF:/Users/charles/Documents/irondb/controller/routes/data-entry/insert.js
FN:8,(anonymous_0)
FNF:1
FNH:0
FNDA:0,(anonymous_0)
DA:1,2
DA:2,2
DA:3,2
DA:4,2
DA:5,2
DA:8,2
DA:9,0
DA:10,0
DA:11,0
DA:12,0
DA:14,0
DA:19,0
DA:22,0
DA:23,0
DA:25,0
DA:26,0
DA:27,0
DA:30,0
DA:35,0
DA:37,0
DA:41,0
DA:44,2
LF:22
LH:7
BRDA:12,0,0,0
BRDA:12,0,1,0
BRDA:12,1,0,0
BRDA:12,1,1,0
BRDA:35,2,0,0
BRDA:35,2,1,0
BRDA:35,3,0,0
BRDA:35,3,1,0
BRF:8
BRH:0
end_of_record
TN:
SF:/Users/charles/Documents/irondb/controller/routes/data-entry/resume.js
FN:7,(anonymous_0)
FNF:1
FNH:0
FNDA:0,(anonymous_0)
DA:1,2
DA:2,2
DA:3,2
DA:4,2
DA:5,2
DA:7,2
DA:8,0
DA:9,0
DA:11,0
DA:13,0
DA:17,0
DA:19,0
DA:22,0
DA:23,0
DA:25,0
DA:28,0
DA:37,0
DA:41,2
LF:18
LH:7
BRDA:22,0,0,0
BRDA:22,0,1,0
BRDA:22,1,0,0
BRDA:22,1,1,0
BRF:4
BRH:0
end_of_record
TN:
SF:/Users/charles/Documents/irondb/controller/routes/data-entry/save.js
FN:7,(anonymous_0)
FNF:1
FNH:0
FNDA:0,(anonymous_0)
DA:1,2
DA:2,2
DA:3,2
DA:4,2
DA:7,2
DA:9,0
DA:11,0
DA:12,0
DA:14,0
DA:15,0
DA:16,0
DA:20,0
DA:21,0
DA:22,0
DA:23,0
DA:24,0
DA:25,0
DA:26,0
DA:28,0
DA:29,0
DA:31,0
DA:35,2
LF:22
LH:6
BRF:0
BRH:0
end_of_record
TN:
SF:/Users/charles/Documents/irondb/controller/routes/data-entry/tool.js
FN:16,(anonymous_0)
FN:75,(anonymous_1)
FN:86,(anonymous_2)
FN:108,(anonymous_3)
FN:119,(anonymous_4)
FN:151,(anonymous_5)
FN:165,(anonymous_6)
FN:203,(anonymous_7)
FN:218,(anonymous_8)
FN:243,(anonymous_9)
FN:264,(anonymous_10)
FN:272,(anonymous_11)
FN:286,(anonymous_12)
FN:290,(anonymous_13)
FN:296,(anonymous_14)
FN:302,(anonymous_15)
FN:310,(anonymous_16)
FN:312,(anonymous_17)
FN:388,(anonymous_18)
FNF:19
FNH:0
FNDA:0,(anonymous_0)
FNDA:0,(anonymous_1)
FNDA:0,(anonymous_2)
FNDA:0,(anonymous_3)
FNDA:0,(anonymous_4)
FNDA:0,(anonymous_5)
FNDA:0,(anonymous_6)
FNDA:0,(anonymous_7)
FNDA:0,(anonymous_8)
FNDA:0,(anonymous_9)
FNDA:0,(anonymous_10)
FNDA:0,(anonymous_11)
FNDA:0,(anonymous_12)
FNDA:0,(anonymous_13)
FNDA:0,(anonymous_14)
FNDA:0,(anonymous_15)
FNDA:0,(anonymous_16)
FNDA:0,(anonymous_17)
FNDA:0,(anonymous_18)
DA:1,2
DA:2,2
DA:3,2
DA:4,2
DA:5,2
DA:6,2
DA:7,2
DA:8,2
DA:10,2
DA:11,2
DA:12,2
DA:13,2
DA:14,2
DA:16,2
DA:21,0
DA:24,0
DA:25,0
DA:30,0
DA:33,0
DA:34,0
DA:35,0
DA:38,0
DA:39,0
DA:43,0
DA:48,0
DA:49,0
DA:50,0
DA:53,0
DA:54,0
DA:56,0
DA:57,0
DA:59,0
DA:61,0
DA:63,0
DA:75,2
DA:77,0
DA:86,0
DA:87,0
DA:89,0
DA:90,0
DA:93,0
DA:95,0
DA:96,0
DA:101,0
DA:102,0
DA:108,2
DA:110,0
DA:119,0
DA:120,0
DA:122,0
DA:123,0
DA:126,0
DA:127,0
DA:128,0
DA:130,0
DA:132,0
DA:134,0
DA:135,0
DA:136,0
DA:137,0
DA:143,0
DA:144,0
DA:151,2
DA:153,0
DA:161,0
DA:164,0
DA:166,0
DA:168,0
DA:169,0
DA:172,0
DA:174,0
DA:175,0
DA:178,0
DA:179,0
DA:180,0
DA:182,0
DA:184,0
DA:186,0
DA:187,0
DA:188,0
DA:189,0
DA:195,0
DA:196,0
DA:203,2
DA:204,0
DA:206,0
DA:207,0
DA:209,0
DA:218,0
DA:219,0
DA:221,0
DA:222,0
DA:225,0
DA:239,0
DA:243,2
DA:244,0
DA:246,0
DA:249,0
DA:250,0
DA:251,0
DA:252,0
DA:253,0
DA:254,0
DA:255,0
DA:256,0
DA:259,0
DA:262,0
DA:263,0
DA:264,0
DA:265,0
DA:266,0
DA:267,0
DA:271,0
DA:272,0
DA:273,0
DA:274,0
DA:275,0
DA:276,0
DA:277,0
DA:281,0
DA:282,0
DA:285,0
DA:286,0
DA:287,0
DA:289,0
DA:290,0
DA:291,0
DA:292,0
DA:295,0
DA:296,0
DA:297,0
DA:298,0
DA:299,0
DA:302,0
DA:303,0
DA:304,0
DA:305,0
DA:308,0
DA:310,0
DA:311,0
DA:312,0
DA:313,0
DA:315,0
DA:316,0
DA:317,0
DA:319,0
DA:320,0
DA:321,0
DA:322,0
DA:323,0
DA:326,0
DA:327,0
DA:329,0
DA:330,0
DA:332,0
DA:333,0
DA:335,0
DA:336,0
DA:338,0
DA:339,0
DA:341,0
DA:342,0
DA:345,0
DA:346,0
DA:348,0
DA:350,0
DA:351,0
DA:352,0
DA:354,0
DA:355,0
DA:356,0
DA:358,0
DA:359,0
DA:360,0
DA:362,0
DA:363,0
DA:365,0
DA:367,0
DA:368,0
DA:370,0
DA:372,0
DA:373,0
DA:375,0
DA:378,0
DA:380,0
DA:381,0
DA:388,0
DA:389,0
DA:390,0
DA:396,0
DA:397,0
DA:398,0
DA:399,0
DA:400,0
DA:401,0
DA:402,0
DA:404,0
DA:407,0
DA:409,0
DA:410,0
DA:411,0
DA:412,0
DA:413,0
DA:418,0
DA:426,2
LF:205
LH:20
BRDA:25,0,0,0
BRDA:25,0,1,0
BRDA:25,1,0,0
BRDA:25,1,1,0
BRDA:25,1,2,0
BRDA:25,1,3,0
BRDA:34,2,0,0
BRDA:34,2,1,0
BRDA:34,3,0,0
BRDA:34,3,1,0
BRDA:39,4,0,0
BRDA:39,4,1,0
BRDA:39,5,0,0
BRDA:39,5,1,0
BRDA:39,5,2,0
BRDA:49,6,0,0
BRDA:49,6,1,0
BRDA:49,7,0,0
BRDA:49,7,1,0
BRDA:87,8,0,0
BRDA:87,8,1,0
BRDA:120,9,0,0
BRDA:120,9,1,0
BRDA:166,10,0,0
BRDA:166,10,1,0
BRDA:204,11,0,0
BRDA:204,11,1,0
BRDA:219,12,0,0
BRDA:219,12,1,0
BRDA:291,13,0,0
BRDA:291,13,1,0
BRDA:313,14,0,0
BRDA:313,14,1,0
BRDA:313,15,0,0
BRDA:313,15,1,0
BRDA:326,16,0,0
BRDA:326,16,1,0
BRDA:326,17,0,0
BRDA:326,17,1,0
BRDA:329,18,0,0
BRDA:329,18,1,0
BRDA:332,19,0,0
BRDA:332,19,1,0
BRDA:335,20,0,0
BRDA:335,20,1,0
BRDA:338,21,0,0
BRDA:338,21,1,0
BRDA:338,22,0,0
BRDA:338,22,1,0
BRDA:341,23,0,0
BRDA:341,23,1,0
BRDA:348,24,0,0
BRDA:348,24,1,0
BRDA:348,24,2,0
BRDA:348,24,3,0
BRDA:348,24,4,0
BRDA:348,24,5,0
BRDA:378,25,0,0
BRDA:378,25,1,0
BRDA:378,26,0,0
BRDA:378,26,1,0
BRDA:389,27,0,0
BRDA:389,27,1,0
BRDA:402,28,0,0
BRDA:402,28,1,0
BRDA:402,29,0,0
BRDA:402,29,1,0
BRDA:412,30,0,0
BRDA:412,30,1,0
BRF:69
BRH:0
end_of_record
TN:
SF:/Users/charles/Documents/irondb/controller/routes/data-entry/update.js
FN:10,(anonymous_0)
FNF:1
FNH:0
FNDA:0,(anonymous_0)
DA:1,2
DA:2,2
DA:3,2
DA:4,2
DA:10,2
DA:11,0
DA:12,0
DA:13,0
DA:14,0
DA:15,0
DA:16,0
DA:17,0
DA:19,0
DA:24,2
LF:14
LH:6
BRDA:16,0,0,0
BRDA:16,0,1,0
BRF:2
BRH:0
end_of_record
TN:
SF:/Users/charles/Documents/irondb/controller/routes/database/meteorite.js
FN:8,(anonymous_0)
FN:50,(anonymous_1)
FN:58,(anonymous_2)
FNF:3
FNH:0
FNDA:0,(anonymous_0)
FNDA:0,(anonymous_1)
FNDA:0,(anonymous_2)
DA:1,2
DA:2,2
DA:3,2
DA:4,2
DA:5,2
DA:8,2
DA:9,0
DA:10,0
DA:11,0
DA:14,0
DA:15,0
DA:16,0
DA:20,0
DA:24,0
DA:25,0
DA:26,0
DA:29,0
DA:30,0
DA:31,0
DA:32,0
DA:35,0
DA:36,0
DA:37,0
DA:41,0
DA:47,0
DA:50,0
DA:51,0
DA:52,0
DA:53,0
DA:58,0
DA:59,0
DA:60,0
DA:61,0
DA:65,0
DA:77,2
LF:35
LH:7
BRDA:10,0,0,0
BRDA:10,0,1,0
BRDA:52,1,0,0
BRDA:52,1,1,0
BRDA:60,2,0,0
BRDA:60,2,1,0
BRF:6
BRH:0
end_of_record
TN:
SF:/Users/charles/Documents/irondb/controller/utils/ejs-unit-conversion.js
FN:2,(anonymous_0)
FN:5,(anonymous_1)
FN:8,(anonymous_2)
FN:11,(anonymous_3)
FNF:4
FNH:0
FNDA:0,(anonymous_0)
FNDA:0,(anonymous_1)
FNDA:0,(anonymous_2)
FNDA:0,(anonymous_3)
DA:1,2
DA:3,0
DA:6,0
DA:9,0
DA:12,0
LF:5
LH:1
BRF:0
BRH:0
end_of_record
TN:
SF:/Users/charles/Documents/irondb/controller/utils/sigfig.js
FN:7,getSigFig
FN:13,(anonymous_1)
FNF:2
FNH:2
FNDA:8,getSigFig
FNDA:8,(anonymous_1)
DA:8,8
DA:9,7
DA:10,6
DA:11,5
DA:13,5
DA:14,8
DA:17,5
DA:25,3
LF:8
LH:8
BRDA:8,0,0,1
BRDA:8,0,1,7
BRDA:9,1,0,1
BRDA:9,1,1,6
BRDA:10,2,0,1
BRDA:10,2,1,5
BRDA:18,3,0,2
BRDA:18,3,1,3
BRF:8
BRH:8
end_of_record
TN:
SF:/Users/charles/Documents/irondb/controller/utils/unit-conversion.js
FN:6,percentToPPB
FN:15,ppmToPPB
FN:24,milligramsPerGramToPPB
FN:33,microgramsPerGramToPPB
FN:42,nanogramPerGramToPPB
FN:52,ppbToPercent
FN:62,ppbToPPM
FNF:7
FNH:7
FNDA:1,percentToPPB
FNDA:1,ppmToPPB
FNDA:1,milligramsPerGramToPPB
FNDA:1,microgramsPerGramToPPB
FNDA:1,nanogramPerGramToPPB
FNDA:1,ppbToPercent
FNDA:1,ppbToPPM
DA:7,1
DA:16,1
DA:25,1
DA:34,1
DA:43,1
DA:53,1
DA:63,1
DA:67,3
LF:8
LH:8
BRF:0
BRH:0
end_of_record
